2023-10-04 19:16:36.875 [info] Getting Manifest... ms-python.python
2023-10-04 19:16:37.005 [info] Installing extension: ms-python.python
2023-10-04 19:16:38.725 [info] Extension signature verification is not done: ms-python.python
2023-10-04 19:16:40.058 [info] Getting Manifest... ms-toolsai.jupyter
2023-10-04 19:16:40.220 [info] Installing extension: ms-toolsai.jupyter
2023-10-04 19:16:40.531 [info] Getting Manifest... ms-toolsai.jupyter-renderers
2023-10-04 19:16:40.620 [info] Extracted extension to file:///home/kira/.vscode-oss/extensions/ms-python.python-2023.16.0-universal: ms-python.python
2023-10-04 19:16:40.628 [info] Renamed to /home/kira/.vscode-oss/extensions/ms-python.python-2023.16.0-universal
2023-10-04 19:16:40.637 [info] Extracting extension completed. ms-python.python
2023-10-04 19:16:40.648 [info] Extension installed successfully: ms-python.python
2023-10-04 19:16:40.686 [info] Getting Manifest... ms-toolsai.jupyter-keymap
2023-10-04 19:16:40.853 [info] Getting Manifest... ms-toolsai.vscode-jupyter-cell-tags
2023-10-04 19:16:41.031 [info] Getting Manifest... ms-toolsai.vscode-jupyter-slideshow
2023-10-04 19:16:41.254 [info] Installing extension: ms-toolsai.jupyter-renderers ms-toolsai.jupyter
2023-10-04 19:16:41.255 [info] Installing extension: ms-toolsai.jupyter-keymap ms-toolsai.jupyter
2023-10-04 19:16:41.255 [info] Installing extension: ms-toolsai.vscode-jupyter-cell-tags ms-toolsai.jupyter
2023-10-04 19:16:41.255 [info] Installing extension: ms-toolsai.vscode-jupyter-slideshow ms-toolsai.jupyter
2023-10-04 19:16:41.842 [info] Extension signature verification is not done: ms-toolsai.jupyter-keymap
2023-10-04 19:16:41.856 [info] Extracted extension to file:///home/kira/.vscode-oss/extensions/ms-toolsai.jupyter-keymap-1.1.2-universal: ms-toolsai.jupyter-keymap
2023-10-04 19:16:41.860 [info] Renamed to /home/kira/.vscode-oss/extensions/ms-toolsai.jupyter-keymap-1.1.2-universal
2023-10-04 19:16:41.865 [info] Extracting extension completed. ms-toolsai.jupyter-keymap
2023-10-04 19:16:41.999 [info] Extension signature verification is not done: ms-toolsai.vscode-jupyter-cell-tags
2023-10-04 19:16:42.020 [info] Extracted extension to file:///home/kira/.vscode-oss/extensions/ms-toolsai.vscode-jupyter-cell-tags-0.1.8-universal: ms-toolsai.vscode-jupyter-cell-tags
2023-10-04 19:16:42.022 [info] Renamed to /home/kira/.vscode-oss/extensions/ms-toolsai.vscode-jupyter-cell-tags-0.1.8-universal
2023-10-04 19:16:42.023 [info] Extracting extension completed. ms-toolsai.vscode-jupyter-cell-tags
2023-10-04 19:16:42.046 [info] Extension signature verification is not done: ms-toolsai.vscode-jupyter-slideshow
2023-10-04 19:16:42.055 [info] Extracted extension to file:///home/kira/.vscode-oss/extensions/ms-toolsai.vscode-jupyter-slideshow-0.1.5-universal: ms-toolsai.vscode-jupyter-slideshow
2023-10-04 19:16:42.057 [info] Renamed to /home/kira/.vscode-oss/extensions/ms-toolsai.vscode-jupyter-slideshow-0.1.5-universal
2023-10-04 19:16:42.058 [info] Extracting extension completed. ms-toolsai.vscode-jupyter-slideshow
2023-10-04 19:16:42.436 [info] Extension signature verification is not done: ms-toolsai.jupyter-renderers
2023-10-04 19:16:42.726 [info] Extracted extension to file:///home/kira/.vscode-oss/extensions/ms-toolsai.jupyter-renderers-1.0.17-universal: ms-toolsai.jupyter-renderers
2023-10-04 19:16:42.731 [info] Renamed to /home/kira/.vscode-oss/extensions/ms-toolsai.jupyter-renderers-1.0.17-universal
2023-10-04 19:16:42.733 [info] Extracting extension completed. ms-toolsai.jupyter-renderers
2023-10-04 19:16:43.930 [info] Extension signature verification is not done: ms-toolsai.jupyter
2023-10-04 19:16:44.352 [info] Extracted extension to file:///home/kira/.vscode-oss/extensions/ms-toolsai.jupyter-2023.7.100-universal: ms-toolsai.jupyter
2023-10-04 19:16:44.358 [info] Renamed to /home/kira/.vscode-oss/extensions/ms-toolsai.jupyter-2023.7.100-universal
2023-10-04 19:16:44.364 [info] Extracting extension completed. ms-toolsai.jupyter
2023-10-04 19:16:44.373 [info] Extension installed successfully: ms-toolsai.jupyter-keymap
2023-10-04 19:16:44.374 [info] Extension installed successfully: ms-toolsai.vscode-jupyter-cell-tags
2023-10-04 19:16:44.374 [info] Extension installed successfully: ms-toolsai.vscode-jupyter-slideshow
2023-10-04 19:16:44.374 [info] Extension installed successfully: ms-toolsai.jupyter-renderers
2023-10-04 19:16:44.374 [info] Extension installed successfully: ms-toolsai.jupyter
2023-10-04 19:16:44.755 [info] Getting Manifest... eamodio.gitlens
2023-10-04 19:16:44.884 [info] Installing extension: eamodio.gitlens
2023-10-04 19:16:45.765 [info] Extension signature verification is not done: eamodio.gitlens
2023-10-04 19:16:46.022 [info] Extracted extension to file:///home/kira/.vscode-oss/extensions/eamodio.gitlens-14.3.0-universal: eamodio.gitlens
2023-10-04 19:16:46.041 [info] Renamed to /home/kira/.vscode-oss/extensions/eamodio.gitlens-14.3.0-universal
2023-10-04 19:16:46.047 [info] Extracting extension completed. eamodio.gitlens
2023-10-04 19:16:46.059 [info] Extension installed successfully: eamodio.gitlens
2023-10-04 19:16:47.621 [info] Getting Manifest... ms-azuretools.vscode-docker
2023-10-04 19:16:47.738 [info] Installing extension: ms-azuretools.vscode-docker
2023-10-04 19:16:49.493 [info] Extension signature verification is not done: ms-azuretools.vscode-docker
2023-10-04 19:16:49.597 [info] Extracted extension to file:///home/kira/.vscode-oss/extensions/ms-azuretools.vscode-docker-1.26.1-universal: ms-azuretools.vscode-docker
2023-10-04 19:16:49.603 [info] Renamed to /home/kira/.vscode-oss/extensions/ms-azuretools.vscode-docker-1.26.1-universal
2023-10-04 19:16:49.613 [info] Extracting extension completed. ms-azuretools.vscode-docker
2023-10-04 19:16:49.625 [info] Extension installed successfully: ms-azuretools.vscode-docker
2023-10-04 19:16:52.370 [info] Getting Manifest... pkief.material-icon-theme
2023-10-04 19:16:52.489 [info] Installing extension: pkief.material-icon-theme
2023-10-04 19:16:53.182 [info] Extension signature verification is not done: pkief.material-icon-theme
2023-10-04 19:16:53.694 [info] Extracted extension to file:///home/kira/.vscode-oss/extensions/pkief.material-icon-theme-4.30.1-universal: pkief.material-icon-theme
2023-10-04 19:16:53.697 [info] Renamed to /home/kira/.vscode-oss/extensions/pkief.material-icon-theme-4.30.1-universal
2023-10-04 19:16:53.700 [info] Extracting extension completed. pkief.material-icon-theme
2023-10-04 19:16:53.707 [info] Extension installed successfully: pkief.material-icon-theme
2023-10-04 19:17:06.469 [info] Getting Manifest... asvetliakov.vscode-neovim
2023-10-04 19:17:06.590 [info] Installing extension: asvetliakov.vscode-neovim
2023-10-04 19:17:08.008 [info] Extension signature verification is not done: asvetliakov.vscode-neovim
2023-10-04 19:17:08.088 [info] Extracted extension to file:///home/kira/.vscode-oss/extensions/asvetliakov.vscode-neovim-0.6.1-universal: asvetliakov.vscode-neovim
2023-10-04 19:17:08.092 [info] Renamed to /home/kira/.vscode-oss/extensions/asvetliakov.vscode-neovim-0.6.1-universal
2023-10-04 19:17:08.094 [info] Extracting extension completed. asvetliakov.vscode-neovim
2023-10-04 19:17:08.103 [info] Extension installed successfully: asvetliakov.vscode-neovim
2023-10-04 19:17:18.549 [info] Getting Manifest... cweijan.vscode-mysql-client2
2023-10-04 19:17:18.896 [info] Installing extension: cweijan.vscode-mysql-client2
2023-10-04 19:17:19.954 [info] Extension signature verification is not done: cweijan.vscode-mysql-client2
2023-10-04 19:17:20.178 [info] Extracted extension to file:///home/kira/.vscode-oss/extensions/cweijan.vscode-mysql-client2-6.7.4-universal: cweijan.vscode-mysql-client2
2023-10-04 19:17:20.184 [info] Renamed to /home/kira/.vscode-oss/extensions/cweijan.vscode-mysql-client2-6.7.4-universal
2023-10-04 19:17:20.188 [info] Extracting extension completed. cweijan.vscode-mysql-client2
2023-10-04 19:17:20.196 [info] Extension installed successfully: cweijan.vscode-mysql-client2
2023-10-04 19:17:25.681 [info] Getting Manifest... catppuccin.catppuccin-vsc
2023-10-04 19:17:25.801 [info] Installing extension: catppuccin.catppuccin-vsc
2023-10-04 19:17:26.376 [info] Extension signature verification is not done: catppuccin.catppuccin-vsc
2023-10-04 19:17:26.392 [info] Extracted extension to file:///home/kira/.vscode-oss/extensions/catppuccin.catppuccin-vsc-3.3.0-universal: catppuccin.catppuccin-vsc
2023-10-04 19:17:26.395 [info] Renamed to /home/kira/.vscode-oss/extensions/catppuccin.catppuccin-vsc-3.3.0-universal
2023-10-04 19:17:26.399 [info] Extracting extension completed. catppuccin.catppuccin-vsc
2023-10-04 19:17:26.405 [info] Extension installed successfully: catppuccin.catppuccin-vsc
