2023-10-05 11:59:45.284 [info] Added views:workbench.panel.markers.view in workbench.panel.markers
2023-10-05 11:59:45.284 [info] Added views:workbench.panel.output in workbench.panel.output
2023-10-05 11:59:45.284 [info] Added views:terminal in terminal
2023-10-05 11:59:45.284 [info] Added views:outline in workbench.view.explorer
2023-10-05 11:59:45.284 [info] Added views:workbench.scm in workbench.view.scm
2023-10-05 11:59:45.284 [info] Added views:workbench.view.search in workbench.view.search
2023-10-05 11:59:45.285 [info] Added views:timeline in workbench.view.explorer
2023-10-05 11:59:45.285 [info] Added views:workbench.explorer.emptyView in workbench.view.explorer
2023-10-05 11:59:45.462 [info] Added views:workbench.debug.variablesView,workbench.debug.watchExpressionsView,workbench.debug.callStackView,workbench.debug.breakPointsView in workbench.view.debug
2023-10-05 11:59:45.753 [info] Added views:~remote.forwardedPorts in ~remote.forwardedPortsContainer
2023-10-05 11:59:45.784 [info] Added views:workbench.panel.repl.view in workbench.panel.repl
2023-10-05 11:59:45.785 [info] Removed views:workbench.debug.breakPointsView,workbench.debug.callStackView,workbench.debug.watchExpressionsView,workbench.debug.variablesView from workbench.view.debug
2023-10-05 11:59:45.785 [info] Added views:workbench.debug.welcome in workbench.view.debug
2023-10-05 11:59:57.038 [info] Added views:workbench.views.extensions.installed,workbench.views.extensions.popular,extensions.recommendedList in workbench.view.extensions
2023-10-05 11:59:57.039 [info] Removed views:workbench.views.extensions.popular from workbench.view.extensions
2023-10-05 11:59:57.171 [info] Added views:workbench.views.extensions.popular in workbench.view.extensions
2023-10-05 12:00:12.927 [info] Added views:gitlens.views.home,gitlens.views.workspaces,gitlens.views.account in workbench.view.extension.gitlens
2023-10-05 12:00:12.928 [info] Added views:gitlens.views.commitDetails,gitlens.views.lineHistory,gitlens.views.fileHistory,gitlens.views.searchAndCompare in workbench.view.extension.gitlensInspect
2023-10-05 12:00:12.929 [info] Added views:gitlens.views.commits,gitlens.views.branches,gitlens.views.remotes,gitlens.views.stashes,gitlens.views.tags,gitlens.views.contributors in workbench.view.scm
2023-10-05 12:00:13.088 [info] Removed views:gitlens.views.workspaces from workbench.view.extension.gitlens
2023-10-05 12:00:13.093 [info] Removed views:gitlens.views.searchAndCompare,gitlens.views.fileHistory,gitlens.views.lineHistory,gitlens.views.commitDetails from workbench.view.extension.gitlensInspect
2023-10-05 12:00:13.094 [info] Removed views:gitlens.views.contributors,gitlens.views.tags,gitlens.views.stashes,gitlens.views.remotes,gitlens.views.branches,gitlens.views.commits from workbench.view.scm
2023-10-05 12:00:17.322 [info] Added views:dockerContainers,dockerImages,dockerRegistries,dockerNetworks,dockerVolumes,vscode-docker.views.dockerContexts,vscode-docker.views.help in workbench.view.extension.dockerView
2023-10-05 12:00:40.668 [info] Added views:gitlens.views.workspaces in workbench.view.extension.gitlens
2023-10-05 12:00:41.290 [info] Added views:github.cweijan.mysql in workbench.view.extension.github-cweijan-mysql
2023-10-05 12:00:41.290 [info] Added views:github.cweijan.nosql in workbench.view.extension.github-cweijan-nosql
2023-10-05 12:01:08.954 [info] Removed views:extensions.recommendedList,workbench.views.extensions.popular,workbench.views.extensions.installed from workbench.view.extensions
2023-10-05 12:01:08.966 [info] Added views:workbench.views.extensions.marketplace in workbench.view.extensions
2023-10-05 12:01:24.615 [info] Added views:workbench.panel.markers.view in workbench.panel.markers
2023-10-05 12:01:24.615 [info] Added views:workbench.panel.output in workbench.panel.output
2023-10-05 12:01:24.615 [info] Added views:terminal in terminal
2023-10-05 12:01:24.615 [info] Added views:outline in workbench.view.explorer
2023-10-05 12:01:24.615 [info] Added views:workbench.scm in workbench.view.scm
2023-10-05 12:01:24.615 [info] Added views:workbench.view.search in workbench.view.search
2023-10-05 12:01:24.615 [info] Added views:timeline in workbench.view.explorer
2023-10-05 12:01:24.615 [info] Added views:workbench.explorer.emptyView in workbench.view.explorer
2023-10-05 12:01:24.715 [info] Added views:workbench.debug.welcome in workbench.view.debug
2023-10-05 12:01:24.896 [info] Added views:github.cweijan.mysql in workbench.view.extension.github-cweijan-mysql
2023-10-05 12:01:24.896 [info] Added views:github.cweijan.nosql in workbench.view.extension.github-cweijan-nosql
2023-10-05 12:01:24.897 [info] Added views:gitlens.views.home,gitlens.views.workspaces,gitlens.views.account in workbench.view.extension.gitlens
2023-10-05 12:01:24.897 [info] Added views:gitlens.views.commitDetails,gitlens.views.lineHistory,gitlens.views.fileHistory,gitlens.views.searchAndCompare in workbench.view.extension.gitlensInspect
2023-10-05 12:01:24.897 [info] Added views:gitlens.views.commits,gitlens.views.branches,gitlens.views.remotes,gitlens.views.stashes,gitlens.views.tags,gitlens.views.contributors in workbench.view.scm
2023-10-05 12:01:24.897 [info] Added views:dockerContainers,dockerImages,dockerRegistries,dockerNetworks,dockerVolumes,vscode-docker.views.dockerContexts,vscode-docker.views.help in workbench.view.extension.dockerView
2023-10-05 12:01:25.102 [info] Added views:workbench.panel.repl.view in workbench.panel.repl
2023-10-05 12:01:25.144 [info] Added views:~remote.forwardedPorts in ~remote.forwardedPortsContainer
2023-10-05 12:01:25.193 [info] Added views:workbench.views.extensions.installed,extensions.recommendedList in workbench.view.extensions
2023-10-05 12:01:25.419 [info] Removed views:gitlens.views.searchAndCompare,gitlens.views.fileHistory,gitlens.views.lineHistory,gitlens.views.commitDetails from workbench.view.extension.gitlensInspect
2023-10-05 12:01:25.421 [info] Removed views:gitlens.views.contributors,gitlens.views.tags,gitlens.views.stashes,gitlens.views.remotes,gitlens.views.branches,gitlens.views.commits from workbench.view.scm
2023-10-05 12:01:25.563 [info] Added views:gitlens.views.commitDetails,gitlens.views.lineHistory,gitlens.views.fileHistory,gitlens.views.searchAndCompare in workbench.view.extension.gitlensInspect
2023-10-05 12:01:25.563 [info] Added views:gitlens.views.commits,gitlens.views.branches,gitlens.views.remotes,gitlens.views.stashes,gitlens.views.tags,gitlens.views.contributors in workbench.view.scm
2023-10-05 12:01:26.721 [info] Added views:gitlens.views.graph,gitlens.views.graphDetails in workbench.view.extension.gitlensPanel
2023-10-05 12:01:26.722 [info] Added views:gitlens.views.timeline in workbench.view.extension.gitlensInspect
2023-10-05 12:01:26.724 [info] Added views:gitlens.views.worktrees in workbench.view.scm
