2023-10-05 11:59:45.737 [info] Extension host with pid 21401 started
2023-10-05 11:59:45.784 [info] ExtensionService#_doActivateExtension vscode.emmet, startup: false, activationEvent: 'onLanguage'
2023-10-05 11:59:45.838 [info] ExtensionService#_doActivateExtension vscode.git-base, startup: true, activationEvent: '*'
2023-10-05 11:59:45.841 [info] ExtensionService#_doActivateExtension vscode.github, startup: true, activationEvent: '*'
2023-10-05 11:59:45.875 [info] Eager extensions activated
2023-10-05 11:59:45.877 [info] ExtensionService#_doActivateExtension vscode.debug-auto-launch, startup: false, activationEvent: 'onStartupFinished'
2023-10-05 11:59:45.879 [info] ExtensionService#_doActivateExtension vscode.merge-conflict, startup: false, activationEvent: 'onStartupFinished'
2023-10-05 12:00:13.006 [info] ExtensionService#_doActivateExtension eamodio.gitlens, startup: false, activationEvent: 'onStartupFinished'
2023-10-05 12:00:23.797 [info] ExtensionService#_doActivateExtension PKief.material-icon-theme, startup: false, activationEvent: 'onStartupFinished'
2023-10-05 12:00:40.735 [info] ExtensionService#_doActivateExtension vscode.git, startup: false, activationEvent: 'api', root cause: vscode.github
2023-10-05 12:00:41.380 [info] ExtensionService#_doActivateExtension cweijan.vscode-mysql-client2, startup: false, activationEvent: 'onStartupFinished'
2023-10-05 12:00:49.586 [info] ExtensionService#_doActivateExtension vscode.json-language-features, startup: false, activationEvent: 'onLanguage:jsonc'
2023-10-05 12:00:49.636 [info] ExtensionService#_doActivateExtension vscode.typescript-language-features, startup: false, activationEvent: 'onLanguage:jsonc'
2023-10-05 12:01:15.975 [info] ExtensionService#_doActivateExtension Catppuccin.catppuccin-vsc, startup: false, activationEvent: 'onStartupFinished'
2023-10-05 12:01:23.972 [info] Extension host terminating: renderer closed the MessagePort
2023-10-05 12:01:23.985 [error] Canceled: Canceled
	at new d (/opt/vscodium-bin/resources/app/out/vs/workbench/api/node/extensionHostProcess.js:125:64080)
	at i._remoteCall (/opt/vscodium-bin/resources/app/out/vs/workbench/api/node/extensionHostProcess.js:134:13779)
	at L.<computed>.U.charCodeAt.L.<computed> (/opt/vscodium-bin/resources/app/out/vs/workbench/api/node/extensionHostProcess.js:134:10331)
	at n._doExecuteCommand (/opt/vscodium-bin/resources/app/out/vs/workbench/api/node/extensionHostProcess.js:125:96332)
	at n.executeCommand (/opt/vscodium-bin/resources/app/out/vs/workbench/api/node/extensionHostProcess.js:125:95657)
	at E.registerCommand.description (/opt/vscodium-bin/resources/app/out/vs/workbench/api/node/extensionHostProcess.js:125:94898)
	at n._executeContributedCommand (/opt/vscodium-bin/resources/app/out/vs/workbench/api/node/extensionHostProcess.js:125:96967)
	at n._doExecuteCommand (/opt/vscodium-bin/resources/app/out/vs/workbench/api/node/extensionHostProcess.js:125:95790)
	at n.executeCommand (/opt/vscodium-bin/resources/app/out/vs/workbench/api/node/extensionHostProcess.js:125:95657)
	at Object.executeCommand (/opt/vscodium-bin/resources/app/out/vs/workbench/api/node/extensionHostProcess.js:140:27475)
	at w (/home/kira/.vscode-oss/extensions/eamodio.gitlens-14.3.0-universal/dist/gitlens.js:1:964727)
	at c (/home/kira/.vscode-oss/extensions/eamodio.gitlens-14.3.0-universal/dist/gitlens.js:1:969355)
	at ActionRunners._updateContextKeys (/home/kira/.vscode-oss/extensions/eamodio.gitlens-14.3.0-universal/dist/gitlens.js:1:38282)
	at s (/home/kira/.vscode-oss/extensions/eamodio.gitlens-14.3.0-universal/dist/gitlens.js:1:36701)
	at RegisteredActionRunner.unregister (/home/kira/.vscode-oss/extensions/eamodio.gitlens-14.3.0-universal/dist/gitlens.js:1:36845)
	at RegisteredActionRunner.dispose (/home/kira/.vscode-oss/extensions/eamodio.gitlens-14.3.0-universal/dist/gitlens.js:1:35508)
	at ActionRunners.dispose (/home/kira/.vscode-oss/extensions/eamodio.gitlens-14.3.0-universal/dist/gitlens.js:1:36287)
	at /home/kira/.vscode-oss/extensions/eamodio.gitlens-14.3.0-universal/dist/gitlens.js:1:685943
	at Array.forEach (<anonymous>)
	at Object.dispose (/home/kira/.vscode-oss/extensions/eamodio.gitlens-14.3.0-universal/dist/gitlens.js:1:685928)
	at o (/opt/vscodium-bin/resources/app/out/vs/workbench/api/node/extensionHostProcess.js:30:829)
	at s._deactivate (/opt/vscodium-bin/resources/app/out/vs/workbench/api/node/extensionHostProcess.js:136:12852)
	at /opt/vscodium-bin/resources/app/out/vs/workbench/api/node/extensionHostProcess.js:136:10108
	at Array.map (<anonymous>)
	at s._deactivateAll (/opt/vscodium-bin/resources/app/out/vs/workbench/api/node/extensionHostProcess.js:136:10096)
	at s.terminate (/opt/vscodium-bin/resources/app/out/vs/workbench/api/node/extensionHostProcess.js:136:10476)
	at o.terminate (/opt/vscodium-bin/resources/app/out/vs/workbench/api/node/extensionHostProcess.js:140:1908)
	at u (/opt/vscodium-bin/resources/app/out/vs/workbench/api/node/extensionHostProcess.js:153:11535)
	at MessagePortMain.<anonymous> (/opt/vscodium-bin/resources/app/out/vs/workbench/api/node/extensionHostProcess.js:153:7610)
	at MessagePortMain.emit (node:events:513:28)
	at MessagePortMain._internalPort.emit (node:electron/js2c/utility_init:2:367) setContext undefined
2023-10-05 12:01:23.985 [error] Canceled: Canceled
	at new d (/opt/vscodium-bin/resources/app/out/vs/workbench/api/node/extensionHostProcess.js:125:64080)
	at i._remoteCall (/opt/vscodium-bin/resources/app/out/vs/workbench/api/node/extensionHostProcess.js:134:13779)
	at L.<computed>.U.charCodeAt.L.<computed> (/opt/vscodium-bin/resources/app/out/vs/workbench/api/node/extensionHostProcess.js:134:10331)
	at n._doExecuteCommand (/opt/vscodium-bin/resources/app/out/vs/workbench/api/node/extensionHostProcess.js:125:96332)
	at n.executeCommand (/opt/vscodium-bin/resources/app/out/vs/workbench/api/node/extensionHostProcess.js:125:95657)
	at E.registerCommand.description (/opt/vscodium-bin/resources/app/out/vs/workbench/api/node/extensionHostProcess.js:125:94898)
	at n._executeContributedCommand (/opt/vscodium-bin/resources/app/out/vs/workbench/api/node/extensionHostProcess.js:125:96967)
	at n._doExecuteCommand (/opt/vscodium-bin/resources/app/out/vs/workbench/api/node/extensionHostProcess.js:125:95790)
	at n.executeCommand (/opt/vscodium-bin/resources/app/out/vs/workbench/api/node/extensionHostProcess.js:125:95657)
	at Object.executeCommand (/opt/vscodium-bin/resources/app/out/vs/workbench/api/node/extensionHostProcess.js:140:27475)
	at w (/home/kira/.vscode-oss/extensions/eamodio.gitlens-14.3.0-universal/dist/gitlens.js:1:964727)
	at c (/home/kira/.vscode-oss/extensions/eamodio.gitlens-14.3.0-universal/dist/gitlens.js:1:969355)
	at ActionRunners._updateContextKeys (/home/kira/.vscode-oss/extensions/eamodio.gitlens-14.3.0-universal/dist/gitlens.js:1:38282)
	at s (/home/kira/.vscode-oss/extensions/eamodio.gitlens-14.3.0-universal/dist/gitlens.js:1:36701)
	at RegisteredActionRunner.unregister (/home/kira/.vscode-oss/extensions/eamodio.gitlens-14.3.0-universal/dist/gitlens.js:1:36845)
	at RegisteredActionRunner.dispose (/home/kira/.vscode-oss/extensions/eamodio.gitlens-14.3.0-universal/dist/gitlens.js:1:35508)
	at ActionRunners.dispose (/home/kira/.vscode-oss/extensions/eamodio.gitlens-14.3.0-universal/dist/gitlens.js:1:36287)
	at /home/kira/.vscode-oss/extensions/eamodio.gitlens-14.3.0-universal/dist/gitlens.js:1:685943
	at Array.forEach (<anonymous>)
	at Object.dispose (/home/kira/.vscode-oss/extensions/eamodio.gitlens-14.3.0-universal/dist/gitlens.js:1:685928)
	at o (/opt/vscodium-bin/resources/app/out/vs/workbench/api/node/extensionHostProcess.js:30:829)
	at s._deactivate (/opt/vscodium-bin/resources/app/out/vs/workbench/api/node/extensionHostProcess.js:136:12852)
	at /opt/vscodium-bin/resources/app/out/vs/workbench/api/node/extensionHostProcess.js:136:10108
	at Array.map (<anonymous>)
	at s._deactivateAll (/opt/vscodium-bin/resources/app/out/vs/workbench/api/node/extensionHostProcess.js:136:10096)
	at s.terminate (/opt/vscodium-bin/resources/app/out/vs/workbench/api/node/extensionHostProcess.js:136:10476)
	at o.terminate (/opt/vscodium-bin/resources/app/out/vs/workbench/api/node/extensionHostProcess.js:140:1908)
	at u (/opt/vscodium-bin/resources/app/out/vs/workbench/api/node/extensionHostProcess.js:153:11535)
	at MessagePortMain.<anonymous> (/opt/vscodium-bin/resources/app/out/vs/workbench/api/node/extensionHostProcess.js:153:7610)
	at MessagePortMain.emit (node:events:513:28)
	at MessagePortMain._internalPort.emit (node:electron/js2c/utility_init:2:367) setContext undefined
2023-10-05 12:01:23.986 [error] Canceled: Canceled
	at new d (/opt/vscodium-bin/resources/app/out/vs/workbench/api/node/extensionHostProcess.js:125:64080)
	at i._remoteCall (/opt/vscodium-bin/resources/app/out/vs/workbench/api/node/extensionHostProcess.js:134:13779)
	at L.<computed>.U.charCodeAt.L.<computed> (/opt/vscodium-bin/resources/app/out/vs/workbench/api/node/extensionHostProcess.js:134:10331)
	at n._doExecuteCommand (/opt/vscodium-bin/resources/app/out/vs/workbench/api/node/extensionHostProcess.js:125:96332)
	at n.executeCommand (/opt/vscodium-bin/resources/app/out/vs/workbench/api/node/extensionHostProcess.js:125:95657)
	at E.registerCommand.description (/opt/vscodium-bin/resources/app/out/vs/workbench/api/node/extensionHostProcess.js:125:94898)
	at n._executeContributedCommand (/opt/vscodium-bin/resources/app/out/vs/workbench/api/node/extensionHostProcess.js:125:96967)
	at n._doExecuteCommand (/opt/vscodium-bin/resources/app/out/vs/workbench/api/node/extensionHostProcess.js:125:95790)
	at n.executeCommand (/opt/vscodium-bin/resources/app/out/vs/workbench/api/node/extensionHostProcess.js:125:95657)
	at Object.executeCommand (/opt/vscodium-bin/resources/app/out/vs/workbench/api/node/extensionHostProcess.js:140:27475)
	at w (/home/kira/.vscode-oss/extensions/eamodio.gitlens-14.3.0-universal/dist/gitlens.js:1:964727)
	at c (/home/kira/.vscode-oss/extensions/eamodio.gitlens-14.3.0-universal/dist/gitlens.js:1:969355)
	at ActionRunners._updateContextKeys (/home/kira/.vscode-oss/extensions/eamodio.gitlens-14.3.0-universal/dist/gitlens.js:1:38282)
	at s (/home/kira/.vscode-oss/extensions/eamodio.gitlens-14.3.0-universal/dist/gitlens.js:1:36701)
	at RegisteredActionRunner.unregister (/home/kira/.vscode-oss/extensions/eamodio.gitlens-14.3.0-universal/dist/gitlens.js:1:36845)
	at RegisteredActionRunner.dispose (/home/kira/.vscode-oss/extensions/eamodio.gitlens-14.3.0-universal/dist/gitlens.js:1:35508)
	at ActionRunners.dispose (/home/kira/.vscode-oss/extensions/eamodio.gitlens-14.3.0-universal/dist/gitlens.js:1:36287)
	at /home/kira/.vscode-oss/extensions/eamodio.gitlens-14.3.0-universal/dist/gitlens.js:1:685943
	at Array.forEach (<anonymous>)
	at Object.dispose (/home/kira/.vscode-oss/extensions/eamodio.gitlens-14.3.0-universal/dist/gitlens.js:1:685928)
	at o (/opt/vscodium-bin/resources/app/out/vs/workbench/api/node/extensionHostProcess.js:30:829)
	at s._deactivate (/opt/vscodium-bin/resources/app/out/vs/workbench/api/node/extensionHostProcess.js:136:12852)
	at /opt/vscodium-bin/resources/app/out/vs/workbench/api/node/extensionHostProcess.js:136:10108
	at Array.map (<anonymous>)
	at s._deactivateAll (/opt/vscodium-bin/resources/app/out/vs/workbench/api/node/extensionHostProcess.js:136:10096)
	at s.terminate (/opt/vscodium-bin/resources/app/out/vs/workbench/api/node/extensionHostProcess.js:136:10476)
	at o.terminate (/opt/vscodium-bin/resources/app/out/vs/workbench/api/node/extensionHostProcess.js:140:1908)
	at u (/opt/vscodium-bin/resources/app/out/vs/workbench/api/node/extensionHostProcess.js:153:11535)
	at MessagePortMain.<anonymous> (/opt/vscodium-bin/resources/app/out/vs/workbench/api/node/extensionHostProcess.js:153:7610)
	at MessagePortMain.emit (node:events:513:28)
	at MessagePortMain._internalPort.emit (node:electron/js2c/utility_init:2:367) setContext undefined
2023-10-05 12:01:23.986 [error] Canceled: Canceled
	at new d (/opt/vscodium-bin/resources/app/out/vs/workbench/api/node/extensionHostProcess.js:125:64080)
	at i._remoteCall (/opt/vscodium-bin/resources/app/out/vs/workbench/api/node/extensionHostProcess.js:134:13779)
	at L.<computed>.U.charCodeAt.L.<computed> (/opt/vscodium-bin/resources/app/out/vs/workbench/api/node/extensionHostProcess.js:134:10331)
	at n._doExecuteCommand (/opt/vscodium-bin/resources/app/out/vs/workbench/api/node/extensionHostProcess.js:125:96332)
	at n.executeCommand (/opt/vscodium-bin/resources/app/out/vs/workbench/api/node/extensionHostProcess.js:125:95657)
	at E.registerCommand.description (/opt/vscodium-bin/resources/app/out/vs/workbench/api/node/extensionHostProcess.js:125:94898)
	at n._executeContributedCommand (/opt/vscodium-bin/resources/app/out/vs/workbench/api/node/extensionHostProcess.js:125:96967)
	at n._doExecuteCommand (/opt/vscodium-bin/resources/app/out/vs/workbench/api/node/extensionHostProcess.js:125:95790)
	at n.executeCommand (/opt/vscodium-bin/resources/app/out/vs/workbench/api/node/extensionHostProcess.js:125:95657)
	at Object.executeCommand (/opt/vscodium-bin/resources/app/out/vs/workbench/api/node/extensionHostProcess.js:140:27475)
	at w (/home/kira/.vscode-oss/extensions/eamodio.gitlens-14.3.0-universal/dist/gitlens.js:1:964727)
	at c (/home/kira/.vscode-oss/extensions/eamodio.gitlens-14.3.0-universal/dist/gitlens.js:1:969355)
	at ActionRunners._updateContextKeys (/home/kira/.vscode-oss/extensions/eamodio.gitlens-14.3.0-universal/dist/gitlens.js:1:38282)
	at s (/home/kira/.vscode-oss/extensions/eamodio.gitlens-14.3.0-universal/dist/gitlens.js:1:36701)
	at RegisteredActionRunner.unregister (/home/kira/.vscode-oss/extensions/eamodio.gitlens-14.3.0-universal/dist/gitlens.js:1:36845)
	at RegisteredActionRunner.dispose (/home/kira/.vscode-oss/extensions/eamodio.gitlens-14.3.0-universal/dist/gitlens.js:1:35508)
	at Object.dispose (/home/kira/.vscode-oss/extensions/eamodio.gitlens-14.3.0-universal/dist/gitlens.js:1:36942)
	at o (/opt/vscodium-bin/resources/app/out/vs/workbench/api/node/extensionHostProcess.js:30:829)
	at s._deactivate (/opt/vscodium-bin/resources/app/out/vs/workbench/api/node/extensionHostProcess.js:136:12852)
	at /opt/vscodium-bin/resources/app/out/vs/workbench/api/node/extensionHostProcess.js:136:10108
	at Array.map (<anonymous>)
	at s._deactivateAll (/opt/vscodium-bin/resources/app/out/vs/workbench/api/node/extensionHostProcess.js:136:10096)
	at s.terminate (/opt/vscodium-bin/resources/app/out/vs/workbench/api/node/extensionHostProcess.js:136:10476)
	at o.terminate (/opt/vscodium-bin/resources/app/out/vs/workbench/api/node/extensionHostProcess.js:140:1908)
	at u (/opt/vscodium-bin/resources/app/out/vs/workbench/api/node/extensionHostProcess.js:153:11535)
	at MessagePortMain.<anonymous> (/opt/vscodium-bin/resources/app/out/vs/workbench/api/node/extensionHostProcess.js:153:7610)
	at MessagePortMain.emit (node:events:513:28)
	at MessagePortMain._internalPort.emit (node:electron/js2c/utility_init:2:367) setContext undefined
2023-10-05 12:01:23.986 [error] Canceled: Canceled
	at new d (/opt/vscodium-bin/resources/app/out/vs/workbench/api/node/extensionHostProcess.js:125:64080)
	at i._remoteCall (/opt/vscodium-bin/resources/app/out/vs/workbench/api/node/extensionHostProcess.js:134:13779)
	at L.<computed>.U.charCodeAt.L.<computed> (/opt/vscodium-bin/resources/app/out/vs/workbench/api/node/extensionHostProcess.js:134:10331)
	at n._doExecuteCommand (/opt/vscodium-bin/resources/app/out/vs/workbench/api/node/extensionHostProcess.js:125:96332)
	at n.executeCommand (/opt/vscodium-bin/resources/app/out/vs/workbench/api/node/extensionHostProcess.js:125:95657)
	at E.registerCommand.description (/opt/vscodium-bin/resources/app/out/vs/workbench/api/node/extensionHostProcess.js:125:94898)
	at n._executeContributedCommand (/opt/vscodium-bin/resources/app/out/vs/workbench/api/node/extensionHostProcess.js:125:96967)
	at n._doExecuteCommand (/opt/vscodium-bin/resources/app/out/vs/workbench/api/node/extensionHostProcess.js:125:95790)
	at n.executeCommand (/opt/vscodium-bin/resources/app/out/vs/workbench/api/node/extensionHostProcess.js:125:95657)
	at Object.executeCommand (/opt/vscodium-bin/resources/app/out/vs/workbench/api/node/extensionHostProcess.js:140:27475)
	at w (/home/kira/.vscode-oss/extensions/eamodio.gitlens-14.3.0-universal/dist/gitlens.js:1:964727)
	at c (/home/kira/.vscode-oss/extensions/eamodio.gitlens-14.3.0-universal/dist/gitlens.js:1:969355)
	at ActionRunners._updateContextKeys (/home/kira/.vscode-oss/extensions/eamodio.gitlens-14.3.0-universal/dist/gitlens.js:1:38282)
	at s (/home/kira/.vscode-oss/extensions/eamodio.gitlens-14.3.0-universal/dist/gitlens.js:1:36701)
	at RegisteredActionRunner.unregister (/home/kira/.vscode-oss/extensions/eamodio.gitlens-14.3.0-universal/dist/gitlens.js:1:36845)
	at RegisteredActionRunner.dispose (/home/kira/.vscode-oss/extensions/eamodio.gitlens-14.3.0-universal/dist/gitlens.js:1:35508)
	at Object.dispose (/home/kira/.vscode-oss/extensions/eamodio.gitlens-14.3.0-universal/dist/gitlens.js:1:36942)
	at o (/opt/vscodium-bin/resources/app/out/vs/workbench/api/node/extensionHostProcess.js:30:829)
	at s._deactivate (/opt/vscodium-bin/resources/app/out/vs/workbench/api/node/extensionHostProcess.js:136:12852)
	at /opt/vscodium-bin/resources/app/out/vs/workbench/api/node/extensionHostProcess.js:136:10108
	at Array.map (<anonymous>)
	at s._deactivateAll (/opt/vscodium-bin/resources/app/out/vs/workbench/api/node/extensionHostProcess.js:136:10096)
	at s.terminate (/opt/vscodium-bin/resources/app/out/vs/workbench/api/node/extensionHostProcess.js:136:10476)
	at o.terminate (/opt/vscodium-bin/resources/app/out/vs/workbench/api/node/extensionHostProcess.js:140:1908)
	at u (/opt/vscodium-bin/resources/app/out/vs/workbench/api/node/extensionHostProcess.js:153:11535)
	at MessagePortMain.<anonymous> (/opt/vscodium-bin/resources/app/out/vs/workbench/api/node/extensionHostProcess.js:153:7610)
	at MessagePortMain.emit (node:events:513:28)
	at MessagePortMain._internalPort.emit (node:electron/js2c/utility_init:2:367) setContext undefined
2023-10-05 12:01:23.986 [error] Canceled: Canceled
	at new d (/opt/vscodium-bin/resources/app/out/vs/workbench/api/node/extensionHostProcess.js:125:64080)
	at i._remoteCall (/opt/vscodium-bin/resources/app/out/vs/workbench/api/node/extensionHostProcess.js:134:13779)
	at L.<computed>.U.charCodeAt.L.<computed> (/opt/vscodium-bin/resources/app/out/vs/workbench/api/node/extensionHostProcess.js:134:10331)
	at n._doExecuteCommand (/opt/vscodium-bin/resources/app/out/vs/workbench/api/node/extensionHostProcess.js:125:96332)
	at n.executeCommand (/opt/vscodium-bin/resources/app/out/vs/workbench/api/node/extensionHostProcess.js:125:95657)
	at E.registerCommand.description (/opt/vscodium-bin/resources/app/out/vs/workbench/api/node/extensionHostProcess.js:125:94898)
	at n._executeContributedCommand (/opt/vscodium-bin/resources/app/out/vs/workbench/api/node/extensionHostProcess.js:125:96967)
	at n._doExecuteCommand (/opt/vscodium-bin/resources/app/out/vs/workbench/api/node/extensionHostProcess.js:125:95790)
	at n.executeCommand (/opt/vscodium-bin/resources/app/out/vs/workbench/api/node/extensionHostProcess.js:125:95657)
	at Object.executeCommand (/opt/vscodium-bin/resources/app/out/vs/workbench/api/node/extensionHostProcess.js:140:27475)
	at w (/home/kira/.vscode-oss/extensions/eamodio.gitlens-14.3.0-universal/dist/gitlens.js:1:964727)
	at c (/home/kira/.vscode-oss/extensions/eamodio.gitlens-14.3.0-universal/dist/gitlens.js:1:969355)
	at ActionRunners._updateContextKeys (/home/kira/.vscode-oss/extensions/eamodio.gitlens-14.3.0-universal/dist/gitlens.js:1:38282)
	at s (/home/kira/.vscode-oss/extensions/eamodio.gitlens-14.3.0-universal/dist/gitlens.js:1:36701)
	at RegisteredActionRunner.unregister (/home/kira/.vscode-oss/extensions/eamodio.gitlens-14.3.0-universal/dist/gitlens.js:1:36845)
	at RegisteredActionRunner.dispose (/home/kira/.vscode-oss/extensions/eamodio.gitlens-14.3.0-universal/dist/gitlens.js:1:35508)
	at Object.dispose (/home/kira/.vscode-oss/extensions/eamodio.gitlens-14.3.0-universal/dist/gitlens.js:1:36942)
	at o (/opt/vscodium-bin/resources/app/out/vs/workbench/api/node/extensionHostProcess.js:30:829)
	at s._deactivate (/opt/vscodium-bin/resources/app/out/vs/workbench/api/node/extensionHostProcess.js:136:12852)
	at /opt/vscodium-bin/resources/app/out/vs/workbench/api/node/extensionHostProcess.js:136:10108
	at Array.map (<anonymous>)
	at s._deactivateAll (/opt/vscodium-bin/resources/app/out/vs/workbench/api/node/extensionHostProcess.js:136:10096)
	at s.terminate (/opt/vscodium-bin/resources/app/out/vs/workbench/api/node/extensionHostProcess.js:136:10476)
	at o.terminate (/opt/vscodium-bin/resources/app/out/vs/workbench/api/node/extensionHostProcess.js:140:1908)
	at u (/opt/vscodium-bin/resources/app/out/vs/workbench/api/node/extensionHostProcess.js:153:11535)
	at MessagePortMain.<anonymous> (/opt/vscodium-bin/resources/app/out/vs/workbench/api/node/extensionHostProcess.js:153:7610)
	at MessagePortMain.emit (node:events:513:28)
	at MessagePortMain._internalPort.emit (node:electron/js2c/utility_init:2:367) setContext undefined
2023-10-05 12:01:23.986 [info] Extension host with pid 21401 exiting with code 0
2023-10-05 12:01:24.991 [info] Extension host with pid 22315 started
2023-10-05 12:01:25.101 [info] ExtensionService#_doActivateExtension vscode.emmet, startup: false, activationEvent: 'onLanguage'
2023-10-05 12:01:25.115 [info] ExtensionService#_doActivateExtension vscode.git-base, startup: true, activationEvent: '*', root cause: vscode.git
2023-10-05 12:01:25.119 [info] ExtensionService#_doActivateExtension vscode.git, startup: true, activationEvent: '*'
2023-10-05 12:01:25.164 [info] ExtensionService#_doActivateExtension vscode.github, startup: true, activationEvent: '*'
2023-10-05 12:01:25.189 [info] Eager extensions activated
2023-10-05 12:01:25.206 [info] ExtensionService#_doActivateExtension vscode.debug-auto-launch, startup: false, activationEvent: 'onStartupFinished'
2023-10-05 12:01:25.207 [info] ExtensionService#_doActivateExtension vscode.merge-conflict, startup: false, activationEvent: 'onStartupFinished'
2023-10-05 12:01:25.210 [info] ExtensionService#_doActivateExtension Catppuccin.catppuccin-vsc, startup: false, activationEvent: 'onStartupFinished'
2023-10-05 12:01:25.214 [info] ExtensionService#_doActivateExtension cweijan.vscode-mysql-client2, startup: false, activationEvent: 'onStartupFinished'
2023-10-05 12:01:25.349 [info] ExtensionService#_doActivateExtension eamodio.gitlens, startup: false, activationEvent: 'onStartupFinished'
2023-10-05 12:01:25.368 [info] ExtensionService#_doActivateExtension PKief.material-icon-theme, startup: false, activationEvent: 'onStartupFinished'
2023-10-05 12:01:25.586 [info] ExtensionService#_doActivateExtension vscode.github-authentication, startup: false, activationEvent: 'onAuthenticationRequest:github'
2023-10-05 12:01:47.673 [info] Extension host terminating: renderer closed the MessagePort
2023-10-05 12:01:47.687 [warning] Canceled
2023-10-05 12:01:47.688 [error] Canceled: Canceled
	at new d (/opt/vscodium-bin/resources/app/out/vs/workbench/api/node/extensionHostProcess.js:125:64080)
	at i._remoteCall (/opt/vscodium-bin/resources/app/out/vs/workbench/api/node/extensionHostProcess.js:134:13779)
	at L.<computed>.U.charCodeAt.L.<computed> (/opt/vscodium-bin/resources/app/out/vs/workbench/api/node/extensionHostProcess.js:134:10331)
	at n._doExecuteCommand (/opt/vscodium-bin/resources/app/out/vs/workbench/api/node/extensionHostProcess.js:125:96332)
	at n.executeCommand (/opt/vscodium-bin/resources/app/out/vs/workbench/api/node/extensionHostProcess.js:125:95657)
	at E.registerCommand.description (/opt/vscodium-bin/resources/app/out/vs/workbench/api/node/extensionHostProcess.js:125:94898)
	at n._executeContributedCommand (/opt/vscodium-bin/resources/app/out/vs/workbench/api/node/extensionHostProcess.js:125:96967)
	at n._doExecuteCommand (/opt/vscodium-bin/resources/app/out/vs/workbench/api/node/extensionHostProcess.js:125:95790)
	at n.executeCommand (/opt/vscodium-bin/resources/app/out/vs/workbench/api/node/extensionHostProcess.js:125:95657)
	at Object.executeCommand (/opt/vscodium-bin/resources/app/out/vs/workbench/api/node/extensionHostProcess.js:140:27475)
	at w (/home/kira/.vscode-oss/extensions/eamodio.gitlens-14.3.0-universal/dist/gitlens.js:1:964727)
	at c (/home/kira/.vscode-oss/extensions/eamodio.gitlens-14.3.0-universal/dist/gitlens.js:1:969355)
	at ActionRunners._updateContextKeys (/home/kira/.vscode-oss/extensions/eamodio.gitlens-14.3.0-universal/dist/gitlens.js:1:38282)
	at s (/home/kira/.vscode-oss/extensions/eamodio.gitlens-14.3.0-universal/dist/gitlens.js:1:36701)
	at RegisteredActionRunner.unregister (/home/kira/.vscode-oss/extensions/eamodio.gitlens-14.3.0-universal/dist/gitlens.js:1:36845)
	at RegisteredActionRunner.dispose (/home/kira/.vscode-oss/extensions/eamodio.gitlens-14.3.0-universal/dist/gitlens.js:1:35508)
	at ActionRunners.dispose (/home/kira/.vscode-oss/extensions/eamodio.gitlens-14.3.0-universal/dist/gitlens.js:1:36287)
	at /home/kira/.vscode-oss/extensions/eamodio.gitlens-14.3.0-universal/dist/gitlens.js:1:685943
	at Array.forEach (<anonymous>)
	at Object.dispose (/home/kira/.vscode-oss/extensions/eamodio.gitlens-14.3.0-universal/dist/gitlens.js:1:685928)
	at o (/opt/vscodium-bin/resources/app/out/vs/workbench/api/node/extensionHostProcess.js:30:829)
	at s._deactivate (/opt/vscodium-bin/resources/app/out/vs/workbench/api/node/extensionHostProcess.js:136:12852)
	at /opt/vscodium-bin/resources/app/out/vs/workbench/api/node/extensionHostProcess.js:136:10108
	at Array.map (<anonymous>)
	at s._deactivateAll (/opt/vscodium-bin/resources/app/out/vs/workbench/api/node/extensionHostProcess.js:136:10096)
	at s.terminate (/opt/vscodium-bin/resources/app/out/vs/workbench/api/node/extensionHostProcess.js:136:10476)
	at o.terminate (/opt/vscodium-bin/resources/app/out/vs/workbench/api/node/extensionHostProcess.js:140:1908)
	at u (/opt/vscodium-bin/resources/app/out/vs/workbench/api/node/extensionHostProcess.js:153:11535)
	at MessagePortMain.<anonymous> (/opt/vscodium-bin/resources/app/out/vs/workbench/api/node/extensionHostProcess.js:153:7610)
	at MessagePortMain.emit (node:events:513:28)
	at MessagePortMain._internalPort.emit (node:electron/js2c/utility_init:2:367) setContext undefined
2023-10-05 12:01:47.688 [error] Canceled: Canceled
	at new d (/opt/vscodium-bin/resources/app/out/vs/workbench/api/node/extensionHostProcess.js:125:64080)
	at i._remoteCall (/opt/vscodium-bin/resources/app/out/vs/workbench/api/node/extensionHostProcess.js:134:13779)
	at L.<computed>.U.charCodeAt.L.<computed> (/opt/vscodium-bin/resources/app/out/vs/workbench/api/node/extensionHostProcess.js:134:10331)
	at n._doExecuteCommand (/opt/vscodium-bin/resources/app/out/vs/workbench/api/node/extensionHostProcess.js:125:96332)
	at n.executeCommand (/opt/vscodium-bin/resources/app/out/vs/workbench/api/node/extensionHostProcess.js:125:95657)
	at E.registerCommand.description (/opt/vscodium-bin/resources/app/out/vs/workbench/api/node/extensionHostProcess.js:125:94898)
	at n._executeContributedCommand (/opt/vscodium-bin/resources/app/out/vs/workbench/api/node/extensionHostProcess.js:125:96967)
	at n._doExecuteCommand (/opt/vscodium-bin/resources/app/out/vs/workbench/api/node/extensionHostProcess.js:125:95790)
	at n.executeCommand (/opt/vscodium-bin/resources/app/out/vs/workbench/api/node/extensionHostProcess.js:125:95657)
	at Object.executeCommand (/opt/vscodium-bin/resources/app/out/vs/workbench/api/node/extensionHostProcess.js:140:27475)
	at w (/home/kira/.vscode-oss/extensions/eamodio.gitlens-14.3.0-universal/dist/gitlens.js:1:964727)
	at c (/home/kira/.vscode-oss/extensions/eamodio.gitlens-14.3.0-universal/dist/gitlens.js:1:969355)
	at ActionRunners._updateContextKeys (/home/kira/.vscode-oss/extensions/eamodio.gitlens-14.3.0-universal/dist/gitlens.js:1:38282)
	at s (/home/kira/.vscode-oss/extensions/eamodio.gitlens-14.3.0-universal/dist/gitlens.js:1:36701)
	at RegisteredActionRunner.unregister (/home/kira/.vscode-oss/extensions/eamodio.gitlens-14.3.0-universal/dist/gitlens.js:1:36845)
	at RegisteredActionRunner.dispose (/home/kira/.vscode-oss/extensions/eamodio.gitlens-14.3.0-universal/dist/gitlens.js:1:35508)
	at ActionRunners.dispose (/home/kira/.vscode-oss/extensions/eamodio.gitlens-14.3.0-universal/dist/gitlens.js:1:36287)
	at /home/kira/.vscode-oss/extensions/eamodio.gitlens-14.3.0-universal/dist/gitlens.js:1:685943
	at Array.forEach (<anonymous>)
	at Object.dispose (/home/kira/.vscode-oss/extensions/eamodio.gitlens-14.3.0-universal/dist/gitlens.js:1:685928)
	at o (/opt/vscodium-bin/resources/app/out/vs/workbench/api/node/extensionHostProcess.js:30:829)
	at s._deactivate (/opt/vscodium-bin/resources/app/out/vs/workbench/api/node/extensionHostProcess.js:136:12852)
	at /opt/vscodium-bin/resources/app/out/vs/workbench/api/node/extensionHostProcess.js:136:10108
	at Array.map (<anonymous>)
	at s._deactivateAll (/opt/vscodium-bin/resources/app/out/vs/workbench/api/node/extensionHostProcess.js:136:10096)
	at s.terminate (/opt/vscodium-bin/resources/app/out/vs/workbench/api/node/extensionHostProcess.js:136:10476)
	at o.terminate (/opt/vscodium-bin/resources/app/out/vs/workbench/api/node/extensionHostProcess.js:140:1908)
	at u (/opt/vscodium-bin/resources/app/out/vs/workbench/api/node/extensionHostProcess.js:153:11535)
	at MessagePortMain.<anonymous> (/opt/vscodium-bin/resources/app/out/vs/workbench/api/node/extensionHostProcess.js:153:7610)
	at MessagePortMain.emit (node:events:513:28)
	at MessagePortMain._internalPort.emit (node:electron/js2c/utility_init:2:367) setContext undefined
2023-10-05 12:01:47.688 [error] Canceled: Canceled
	at new d (/opt/vscodium-bin/resources/app/out/vs/workbench/api/node/extensionHostProcess.js:125:64080)
	at i._remoteCall (/opt/vscodium-bin/resources/app/out/vs/workbench/api/node/extensionHostProcess.js:134:13779)
	at L.<computed>.U.charCodeAt.L.<computed> (/opt/vscodium-bin/resources/app/out/vs/workbench/api/node/extensionHostProcess.js:134:10331)
	at n._doExecuteCommand (/opt/vscodium-bin/resources/app/out/vs/workbench/api/node/extensionHostProcess.js:125:96332)
	at n.executeCommand (/opt/vscodium-bin/resources/app/out/vs/workbench/api/node/extensionHostProcess.js:125:95657)
	at E.registerCommand.description (/opt/vscodium-bin/resources/app/out/vs/workbench/api/node/extensionHostProcess.js:125:94898)
	at n._executeContributedCommand (/opt/vscodium-bin/resources/app/out/vs/workbench/api/node/extensionHostProcess.js:125:96967)
	at n._doExecuteCommand (/opt/vscodium-bin/resources/app/out/vs/workbench/api/node/extensionHostProcess.js:125:95790)
	at n.executeCommand (/opt/vscodium-bin/resources/app/out/vs/workbench/api/node/extensionHostProcess.js:125:95657)
	at Object.executeCommand (/opt/vscodium-bin/resources/app/out/vs/workbench/api/node/extensionHostProcess.js:140:27475)
	at w (/home/kira/.vscode-oss/extensions/eamodio.gitlens-14.3.0-universal/dist/gitlens.js:1:964727)
	at c (/home/kira/.vscode-oss/extensions/eamodio.gitlens-14.3.0-universal/dist/gitlens.js:1:969355)
	at ActionRunners._updateContextKeys (/home/kira/.vscode-oss/extensions/eamodio.gitlens-14.3.0-universal/dist/gitlens.js:1:38282)
	at s (/home/kira/.vscode-oss/extensions/eamodio.gitlens-14.3.0-universal/dist/gitlens.js:1:36701)
	at RegisteredActionRunner.unregister (/home/kira/.vscode-oss/extensions/eamodio.gitlens-14.3.0-universal/dist/gitlens.js:1:36845)
	at RegisteredActionRunner.dispose (/home/kira/.vscode-oss/extensions/eamodio.gitlens-14.3.0-universal/dist/gitlens.js:1:35508)
	at ActionRunners.dispose (/home/kira/.vscode-oss/extensions/eamodio.gitlens-14.3.0-universal/dist/gitlens.js:1:36287)
	at /home/kira/.vscode-oss/extensions/eamodio.gitlens-14.3.0-universal/dist/gitlens.js:1:685943
	at Array.forEach (<anonymous>)
	at Object.dispose (/home/kira/.vscode-oss/extensions/eamodio.gitlens-14.3.0-universal/dist/gitlens.js:1:685928)
	at o (/opt/vscodium-bin/resources/app/out/vs/workbench/api/node/extensionHostProcess.js:30:829)
	at s._deactivate (/opt/vscodium-bin/resources/app/out/vs/workbench/api/node/extensionHostProcess.js:136:12852)
	at /opt/vscodium-bin/resources/app/out/vs/workbench/api/node/extensionHostProcess.js:136:10108
	at Array.map (<anonymous>)
	at s._deactivateAll (/opt/vscodium-bin/resources/app/out/vs/workbench/api/node/extensionHostProcess.js:136:10096)
	at s.terminate (/opt/vscodium-bin/resources/app/out/vs/workbench/api/node/extensionHostProcess.js:136:10476)
	at o.terminate (/opt/vscodium-bin/resources/app/out/vs/workbench/api/node/extensionHostProcess.js:140:1908)
	at u (/opt/vscodium-bin/resources/app/out/vs/workbench/api/node/extensionHostProcess.js:153:11535)
	at MessagePortMain.<anonymous> (/opt/vscodium-bin/resources/app/out/vs/workbench/api/node/extensionHostProcess.js:153:7610)
	at MessagePortMain.emit (node:events:513:28)
	at MessagePortMain._internalPort.emit (node:electron/js2c/utility_init:2:367) setContext undefined
2023-10-05 12:01:47.689 [error] Canceled: Canceled
	at new d (/opt/vscodium-bin/resources/app/out/vs/workbench/api/node/extensionHostProcess.js:125:64080)
	at i._remoteCall (/opt/vscodium-bin/resources/app/out/vs/workbench/api/node/extensionHostProcess.js:134:13779)
	at L.<computed>.U.charCodeAt.L.<computed> (/opt/vscodium-bin/resources/app/out/vs/workbench/api/node/extensionHostProcess.js:134:10331)
	at n._doExecuteCommand (/opt/vscodium-bin/resources/app/out/vs/workbench/api/node/extensionHostProcess.js:125:96332)
	at n.executeCommand (/opt/vscodium-bin/resources/app/out/vs/workbench/api/node/extensionHostProcess.js:125:95657)
	at E.registerCommand.description (/opt/vscodium-bin/resources/app/out/vs/workbench/api/node/extensionHostProcess.js:125:94898)
	at n._executeContributedCommand (/opt/vscodium-bin/resources/app/out/vs/workbench/api/node/extensionHostProcess.js:125:96967)
	at n._doExecuteCommand (/opt/vscodium-bin/resources/app/out/vs/workbench/api/node/extensionHostProcess.js:125:95790)
	at n.executeCommand (/opt/vscodium-bin/resources/app/out/vs/workbench/api/node/extensionHostProcess.js:125:95657)
	at Object.executeCommand (/opt/vscodium-bin/resources/app/out/vs/workbench/api/node/extensionHostProcess.js:140:27475)
	at w (/home/kira/.vscode-oss/extensions/eamodio.gitlens-14.3.0-universal/dist/gitlens.js:1:964727)
	at c (/home/kira/.vscode-oss/extensions/eamodio.gitlens-14.3.0-universal/dist/gitlens.js:1:969355)
	at ActionRunners._updateContextKeys (/home/kira/.vscode-oss/extensions/eamodio.gitlens-14.3.0-universal/dist/gitlens.js:1:38282)
	at s (/home/kira/.vscode-oss/extensions/eamodio.gitlens-14.3.0-universal/dist/gitlens.js:1:36701)
	at RegisteredActionRunner.unregister (/home/kira/.vscode-oss/extensions/eamodio.gitlens-14.3.0-universal/dist/gitlens.js:1:36845)
	at RegisteredActionRunner.dispose (/home/kira/.vscode-oss/extensions/eamodio.gitlens-14.3.0-universal/dist/gitlens.js:1:35508)
	at Object.dispose (/home/kira/.vscode-oss/extensions/eamodio.gitlens-14.3.0-universal/dist/gitlens.js:1:36942)
	at o (/opt/vscodium-bin/resources/app/out/vs/workbench/api/node/extensionHostProcess.js:30:829)
	at s._deactivate (/opt/vscodium-bin/resources/app/out/vs/workbench/api/node/extensionHostProcess.js:136:12852)
	at /opt/vscodium-bin/resources/app/out/vs/workbench/api/node/extensionHostProcess.js:136:10108
	at Array.map (<anonymous>)
	at s._deactivateAll (/opt/vscodium-bin/resources/app/out/vs/workbench/api/node/extensionHostProcess.js:136:10096)
	at s.terminate (/opt/vscodium-bin/resources/app/out/vs/workbench/api/node/extensionHostProcess.js:136:10476)
	at o.terminate (/opt/vscodium-bin/resources/app/out/vs/workbench/api/node/extensionHostProcess.js:140:1908)
	at u (/opt/vscodium-bin/resources/app/out/vs/workbench/api/node/extensionHostProcess.js:153:11535)
	at MessagePortMain.<anonymous> (/opt/vscodium-bin/resources/app/out/vs/workbench/api/node/extensionHostProcess.js:153:7610)
	at MessagePortMain.emit (node:events:513:28)
	at MessagePortMain._internalPort.emit (node:electron/js2c/utility_init:2:367) setContext undefined
2023-10-05 12:01:47.689 [error] Canceled: Canceled
	at new d (/opt/vscodium-bin/resources/app/out/vs/workbench/api/node/extensionHostProcess.js:125:64080)
	at i._remoteCall (/opt/vscodium-bin/resources/app/out/vs/workbench/api/node/extensionHostProcess.js:134:13779)
	at L.<computed>.U.charCodeAt.L.<computed> (/opt/vscodium-bin/resources/app/out/vs/workbench/api/node/extensionHostProcess.js:134:10331)
	at n._doExecuteCommand (/opt/vscodium-bin/resources/app/out/vs/workbench/api/node/extensionHostProcess.js:125:96332)
	at n.executeCommand (/opt/vscodium-bin/resources/app/out/vs/workbench/api/node/extensionHostProcess.js:125:95657)
	at E.registerCommand.description (/opt/vscodium-bin/resources/app/out/vs/workbench/api/node/extensionHostProcess.js:125:94898)
	at n._executeContributedCommand (/opt/vscodium-bin/resources/app/out/vs/workbench/api/node/extensionHostProcess.js:125:96967)
	at n._doExecuteCommand (/opt/vscodium-bin/resources/app/out/vs/workbench/api/node/extensionHostProcess.js:125:95790)
	at n.executeCommand (/opt/vscodium-bin/resources/app/out/vs/workbench/api/node/extensionHostProcess.js:125:95657)
	at Object.executeCommand (/opt/vscodium-bin/resources/app/out/vs/workbench/api/node/extensionHostProcess.js:140:27475)
	at w (/home/kira/.vscode-oss/extensions/eamodio.gitlens-14.3.0-universal/dist/gitlens.js:1:964727)
	at c (/home/kira/.vscode-oss/extensions/eamodio.gitlens-14.3.0-universal/dist/gitlens.js:1:969355)
	at ActionRunners._updateContextKeys (/home/kira/.vscode-oss/extensions/eamodio.gitlens-14.3.0-universal/dist/gitlens.js:1:38282)
	at s (/home/kira/.vscode-oss/extensions/eamodio.gitlens-14.3.0-universal/dist/gitlens.js:1:36701)
	at RegisteredActionRunner.unregister (/home/kira/.vscode-oss/extensions/eamodio.gitlens-14.3.0-universal/dist/gitlens.js:1:36845)
	at RegisteredActionRunner.dispose (/home/kira/.vscode-oss/extensions/eamodio.gitlens-14.3.0-universal/dist/gitlens.js:1:35508)
	at Object.dispose (/home/kira/.vscode-oss/extensions/eamodio.gitlens-14.3.0-universal/dist/gitlens.js:1:36942)
	at o (/opt/vscodium-bin/resources/app/out/vs/workbench/api/node/extensionHostProcess.js:30:829)
	at s._deactivate (/opt/vscodium-bin/resources/app/out/vs/workbench/api/node/extensionHostProcess.js:136:12852)
	at /opt/vscodium-bin/resources/app/out/vs/workbench/api/node/extensionHostProcess.js:136:10108
	at Array.map (<anonymous>)
	at s._deactivateAll (/opt/vscodium-bin/resources/app/out/vs/workbench/api/node/extensionHostProcess.js:136:10096)
	at s.terminate (/opt/vscodium-bin/resources/app/out/vs/workbench/api/node/extensionHostProcess.js:136:10476)
	at o.terminate (/opt/vscodium-bin/resources/app/out/vs/workbench/api/node/extensionHostProcess.js:140:1908)
	at u (/opt/vscodium-bin/resources/app/out/vs/workbench/api/node/extensionHostProcess.js:153:11535)
	at MessagePortMain.<anonymous> (/opt/vscodium-bin/resources/app/out/vs/workbench/api/node/extensionHostProcess.js:153:7610)
	at MessagePortMain.emit (node:events:513:28)
	at MessagePortMain._internalPort.emit (node:electron/js2c/utility_init:2:367) setContext undefined
2023-10-05 12:01:47.689 [error] Canceled: Canceled
	at new d (/opt/vscodium-bin/resources/app/out/vs/workbench/api/node/extensionHostProcess.js:125:64080)
	at i._remoteCall (/opt/vscodium-bin/resources/app/out/vs/workbench/api/node/extensionHostProcess.js:134:13779)
	at L.<computed>.U.charCodeAt.L.<computed> (/opt/vscodium-bin/resources/app/out/vs/workbench/api/node/extensionHostProcess.js:134:10331)
	at n._doExecuteCommand (/opt/vscodium-bin/resources/app/out/vs/workbench/api/node/extensionHostProcess.js:125:96332)
	at n.executeCommand (/opt/vscodium-bin/resources/app/out/vs/workbench/api/node/extensionHostProcess.js:125:95657)
	at E.registerCommand.description (/opt/vscodium-bin/resources/app/out/vs/workbench/api/node/extensionHostProcess.js:125:94898)
	at n._executeContributedCommand (/opt/vscodium-bin/resources/app/out/vs/workbench/api/node/extensionHostProcess.js:125:96967)
	at n._doExecuteCommand (/opt/vscodium-bin/resources/app/out/vs/workbench/api/node/extensionHostProcess.js:125:95790)
	at n.executeCommand (/opt/vscodium-bin/resources/app/out/vs/workbench/api/node/extensionHostProcess.js:125:95657)
	at Object.executeCommand (/opt/vscodium-bin/resources/app/out/vs/workbench/api/node/extensionHostProcess.js:140:27475)
	at w (/home/kira/.vscode-oss/extensions/eamodio.gitlens-14.3.0-universal/dist/gitlens.js:1:964727)
	at c (/home/kira/.vscode-oss/extensions/eamodio.gitlens-14.3.0-universal/dist/gitlens.js:1:969355)
	at ActionRunners._updateContextKeys (/home/kira/.vscode-oss/extensions/eamodio.gitlens-14.3.0-universal/dist/gitlens.js:1:38282)
	at s (/home/kira/.vscode-oss/extensions/eamodio.gitlens-14.3.0-universal/dist/gitlens.js:1:36701)
	at RegisteredActionRunner.unregister (/home/kira/.vscode-oss/extensions/eamodio.gitlens-14.3.0-universal/dist/gitlens.js:1:36845)
	at RegisteredActionRunner.dispose (/home/kira/.vscode-oss/extensions/eamodio.gitlens-14.3.0-universal/dist/gitlens.js:1:35508)
	at Object.dispose (/home/kira/.vscode-oss/extensions/eamodio.gitlens-14.3.0-universal/dist/gitlens.js:1:36942)
	at o (/opt/vscodium-bin/resources/app/out/vs/workbench/api/node/extensionHostProcess.js:30:829)
	at s._deactivate (/opt/vscodium-bin/resources/app/out/vs/workbench/api/node/extensionHostProcess.js:136:12852)
	at /opt/vscodium-bin/resources/app/out/vs/workbench/api/node/extensionHostProcess.js:136:10108
	at Array.map (<anonymous>)
	at s._deactivateAll (/opt/vscodium-bin/resources/app/out/vs/workbench/api/node/extensionHostProcess.js:136:10096)
	at s.terminate (/opt/vscodium-bin/resources/app/out/vs/workbench/api/node/extensionHostProcess.js:136:10476)
	at o.terminate (/opt/vscodium-bin/resources/app/out/vs/workbench/api/node/extensionHostProcess.js:140:1908)
	at u (/opt/vscodium-bin/resources/app/out/vs/workbench/api/node/extensionHostProcess.js:153:11535)
	at MessagePortMain.<anonymous> (/opt/vscodium-bin/resources/app/out/vs/workbench/api/node/extensionHostProcess.js:153:7610)
	at MessagePortMain.emit (node:events:513:28)
	at MessagePortMain._internalPort.emit (node:electron/js2c/utility_init:2:367) setContext undefined
2023-10-05 12:01:47.689 [info] Extension host with pid 22315 exiting with code 0
