2023-10-06 04:33:36.795 [info] Added views:workbench.panel.markers.view in workbench.panel.markers
2023-10-06 04:33:36.795 [info] Added views:workbench.panel.output in workbench.panel.output
2023-10-06 04:33:36.795 [info] Added views:terminal in terminal
2023-10-06 04:33:36.795 [info] Added views:outline in workbench.view.explorer
2023-10-06 04:33:36.795 [info] Added views:workbench.scm in workbench.view.scm
2023-10-06 04:33:36.795 [info] Added views:workbench.view.search in workbench.view.search
2023-10-06 04:33:36.795 [info] Added views:timeline in workbench.view.explorer
2023-10-06 04:33:36.795 [info] Added views:workbench.explorer.emptyView in workbench.view.explorer
2023-10-06 04:33:37.019 [info] Added views:workbench.debug.welcome in workbench.view.debug
2023-10-06 04:33:37.188 [info] Added views:github.cweijan.mysql in workbench.view.extension.github-cweijan-mysql
2023-10-06 04:33:37.189 [info] Added views:github.cweijan.nosql in workbench.view.extension.github-cweijan-nosql
2023-10-06 04:33:37.189 [info] Added views:gitlens.views.home,gitlens.views.workspaces,gitlens.views.account in workbench.view.extension.gitlens
2023-10-06 04:33:37.189 [info] Added views:gitlens.views.commitDetails,gitlens.views.lineHistory,gitlens.views.fileHistory,gitlens.views.searchAndCompare in workbench.view.extension.gitlensInspect
2023-10-06 04:33:37.189 [info] Added views:gitlens.views.commits,gitlens.views.branches,gitlens.views.remotes,gitlens.views.stashes,gitlens.views.tags,gitlens.views.contributors in workbench.view.scm
2023-10-06 04:33:37.190 [info] Added views:dockerContainers,dockerImages,dockerRegistries,dockerNetworks,dockerVolumes,vscode-docker.views.dockerContexts,vscode-docker.views.help in workbench.view.extension.dockerView
2023-10-06 04:33:37.469 [info] Added views:workbench.panel.repl.view in workbench.panel.repl
2023-10-06 04:33:37.833 [info] Added views:~remote.forwardedPorts in ~remote.forwardedPortsContainer
2023-10-06 04:33:38.287 [info] Removed views:gitlens.views.searchAndCompare,gitlens.views.fileHistory,gitlens.views.lineHistory,gitlens.views.commitDetails from workbench.view.extension.gitlensInspect
2023-10-06 04:33:38.289 [info] Removed views:gitlens.views.contributors,gitlens.views.tags,gitlens.views.stashes,gitlens.views.remotes,gitlens.views.branches,gitlens.views.commits from workbench.view.scm
2023-10-06 04:33:38.411 [info] Added views:gitlens.views.commitDetails,gitlens.views.lineHistory,gitlens.views.fileHistory,gitlens.views.searchAndCompare in workbench.view.extension.gitlensInspect
2023-10-06 04:33:38.413 [info] Added views:gitlens.views.commits,gitlens.views.branches,gitlens.views.remotes,gitlens.views.stashes,gitlens.views.tags,gitlens.views.contributors in workbench.view.scm
2023-10-06 04:33:38.916 [info] Added views:gitlens.views.graph,gitlens.views.graphDetails in workbench.view.extension.gitlensPanel
2023-10-06 04:33:38.918 [info] Added views:gitlens.views.timeline in workbench.view.extension.gitlensInspect
2023-10-06 04:33:38.922 [info] Added views:gitlens.views.worktrees in workbench.view.scm
