2023-10-04 19:16:28.392 [info] Added views:workbench.panel.markers.view in workbench.panel.markers
2023-10-04 19:16:28.392 [info] Added views:workbench.panel.output in workbench.panel.output
2023-10-04 19:16:28.392 [info] Added views:terminal in terminal
2023-10-04 19:16:28.392 [info] Added views:outline in workbench.view.explorer
2023-10-04 19:16:28.392 [info] Added views:workbench.scm in workbench.view.scm
2023-10-04 19:16:28.392 [info] Added views:workbench.view.search in workbench.view.search
2023-10-04 19:16:28.392 [info] Added views:timeline in workbench.view.explorer
2023-10-04 19:16:28.392 [info] Added views:workbench.explorer.emptyView in workbench.view.explorer
2023-10-04 19:16:28.950 [info] Added views:workbench.debug.welcome in workbench.view.debug
2023-10-04 19:16:28.999 [info] Added views:workbench.panel.repl.view in workbench.panel.repl
2023-10-04 19:16:29.547 [info] Added views:~remote.forwardedPorts in ~remote.forwardedPortsContainer
2023-10-04 19:16:31.401 [info] Added views:workbench.views.extensions.installed,workbench.views.extensions.popular,extensions.recommendedList in workbench.view.extensions
2023-10-04 19:16:31.403 [info] Removed views:workbench.views.extensions.popular from workbench.view.extensions
2023-10-04 19:16:31.534 [info] Added views:workbench.views.extensions.popular in workbench.view.extensions
2023-10-04 19:16:46.190 [info] Added views:gitlens.views.home,gitlens.views.workspaces,gitlens.views.account in workbench.view.extension.gitlens
2023-10-04 19:16:46.192 [info] Added views:gitlens.views.commitDetails,gitlens.views.lineHistory,gitlens.views.fileHistory,gitlens.views.searchAndCompare in workbench.view.extension.gitlensInspect
2023-10-04 19:16:46.195 [info] Added views:gitlens.views.commits,gitlens.views.branches,gitlens.views.remotes,gitlens.views.stashes,gitlens.views.tags,gitlens.views.contributors in workbench.view.scm
2023-10-04 19:16:46.488 [info] Removed views:gitlens.views.searchAndCompare,gitlens.views.fileHistory,gitlens.views.lineHistory,gitlens.views.commitDetails from workbench.view.extension.gitlensInspect
2023-10-04 19:16:46.489 [info] Removed views:gitlens.views.contributors,gitlens.views.tags,gitlens.views.stashes,gitlens.views.remotes,gitlens.views.branches,gitlens.views.commits from workbench.view.scm
2023-10-04 19:16:49.769 [info] Added views:dockerContainers,dockerImages,dockerRegistries,dockerNetworks,dockerVolumes,vscode-docker.views.dockerContexts,vscode-docker.views.help in workbench.view.extension.dockerView
2023-10-04 19:17:00.923 [info] Removed views:extensions.recommendedList,workbench.views.extensions.popular,workbench.views.extensions.installed from workbench.view.extensions
2023-10-04 19:17:00.938 [info] Added views:workbench.views.extensions.marketplace in workbench.view.extensions
2023-10-04 19:17:12.760 [info] Removed views:workbench.views.extensions.marketplace from workbench.view.extensions
2023-10-04 19:17:12.796 [info] Added views:workbench.views.extensions.installed,workbench.views.extensions.popular,extensions.recommendedList in workbench.view.extensions
2023-10-04 19:17:14.240 [info] Removed views:extensions.recommendedList,workbench.views.extensions.popular,workbench.views.extensions.installed from workbench.view.extensions
2023-10-04 19:17:14.260 [info] Added views:workbench.views.extensions.marketplace in workbench.view.extensions
2023-10-04 19:17:20.336 [info] Added views:github.cweijan.mysql in workbench.view.extension.github-cweijan-mysql
2023-10-04 19:17:20.339 [info] Added views:github.cweijan.nosql in workbench.view.extension.github-cweijan-nosql
2023-10-04 19:17:33.483 [info] Added views:workbench.panel.markers.view in workbench.panel.markers
2023-10-04 19:17:33.483 [info] Added views:workbench.panel.output in workbench.panel.output
2023-10-04 19:17:33.483 [info] Added views:terminal in terminal
2023-10-04 19:17:33.483 [info] Added views:outline in workbench.view.explorer
2023-10-04 19:17:33.483 [info] Added views:workbench.scm in workbench.view.scm
2023-10-04 19:17:33.483 [info] Added views:workbench.view.search in workbench.view.search
2023-10-04 19:17:33.483 [info] Added views:timeline in workbench.view.explorer
2023-10-04 19:17:33.483 [info] Added views:workbench.explorer.emptyView in workbench.view.explorer
2023-10-04 19:17:33.840 [info] Added views:github.cweijan.mysql in workbench.view.extension.github-cweijan-mysql
2023-10-04 19:17:33.840 [info] Added views:github.cweijan.nosql in workbench.view.extension.github-cweijan-nosql
2023-10-04 19:17:33.840 [info] Added views:gitlens.views.home,gitlens.views.workspaces,gitlens.views.account in workbench.view.extension.gitlens
2023-10-04 19:17:33.841 [info] Added views:gitlens.views.commitDetails,gitlens.views.lineHistory,gitlens.views.fileHistory,gitlens.views.searchAndCompare in workbench.view.extension.gitlensInspect
2023-10-04 19:17:33.842 [info] Added views:gitlens.views.commits,gitlens.views.branches,gitlens.views.remotes,gitlens.views.stashes,gitlens.views.tags,gitlens.views.contributors in workbench.view.scm
2023-10-04 19:17:33.843 [info] Added views:dockerContainers,dockerImages,dockerRegistries,dockerNetworks,dockerVolumes,vscode-docker.views.dockerContexts,vscode-docker.views.help in workbench.view.extension.dockerView
2023-10-04 19:17:34.022 [info] Added views:workbench.debug.welcome in workbench.view.debug
2023-10-04 19:17:34.053 [info] Added views:workbench.panel.repl.view in workbench.panel.repl
2023-10-04 19:17:34.127 [info] Removed views:gitlens.views.searchAndCompare,gitlens.views.fileHistory,gitlens.views.lineHistory,gitlens.views.commitDetails from workbench.view.extension.gitlensInspect
2023-10-04 19:17:34.130 [info] Removed views:gitlens.views.contributors,gitlens.views.tags,gitlens.views.stashes,gitlens.views.remotes,gitlens.views.branches,gitlens.views.commits from workbench.view.scm
2023-10-04 19:17:34.580 [info] Added views:~remote.forwardedPorts in ~remote.forwardedPortsContainer
2023-10-04 19:17:34.650 [info] Added views:workbench.views.extensions.installed,extensions.recommendedList in workbench.view.extensions
2023-10-04 19:17:39.517 [info] Removed views:workbench.panel.repl.view from workbench.panel.repl
2023-10-04 19:17:39.622 [info] Added views:workbench.panel.repl.view in workbench.panel.repl
