2023-10-05 12:30:11.158 [info] Extension host with pid 4271 started
2023-10-05 12:30:11.280 [info] ExtensionService#_doActivateExtension vscode.emmet, startup: false, activationEvent: 'onLanguage'
2023-10-05 12:30:11.288 [info] ExtensionService#_doActivateExtension vscode.css-language-features, startup: false, activationEvent: 'onLanguage:css'
2023-10-05 12:30:11.566 [info] ExtensionService#_doActivateExtension vscode.git-base, startup: true, activationEvent: '*'
2023-10-05 12:30:11.606 [info] ExtensionService#_doActivateExtension vscode.github, startup: true, activationEvent: '*'
2023-10-05 12:30:11.612 [info] Eager extensions activated
2023-10-05 12:30:11.651 [info] ExtensionService#_doActivateExtension vscode.debug-auto-launch, startup: false, activationEvent: 'onStartupFinished'
2023-10-05 12:30:11.654 [info] ExtensionService#_doActivateExtension vscode.merge-conflict, startup: false, activationEvent: 'onStartupFinished'
2023-10-05 12:30:11.663 [info] ExtensionService#_doActivateExtension Catppuccin.catppuccin-vsc, startup: false, activationEvent: 'onStartupFinished'
2023-10-05 12:30:11.666 [info] ExtensionService#_doActivateExtension eamodio.gitlens, startup: false, activationEvent: 'onStartupFinished'
2023-10-05 12:30:11.692 [info] ExtensionService#_doActivateExtension PKief.material-icon-theme, startup: false, activationEvent: 'onStartupFinished'
2023-10-05 12:30:26.847 [info] ExtensionService#_doActivateExtension vscode.git, startup: false, activationEvent: 'api', root cause: vscode.github
2023-10-05 12:30:26.926 [info] ExtensionService#_doActivateExtension cweijan.vscode-mysql-client2, startup: false, activationEvent: 'onStartupFinished'
2023-10-05 12:30:33.233 [info] ExtensionService#_doActivateExtension vscode.json-language-features, startup: false, activationEvent: 'onLanguage:jsonc'
2023-10-05 12:30:33.251 [info] ExtensionService#_doActivateExtension vscode.typescript-language-features, startup: false, activationEvent: 'onLanguage:jsonc'
2023-10-05 12:30:50.402 [info] ExtensionService#_doActivateExtension asvetliakov.vscode-neovim, startup: false, activationEvent: '*'
2023-10-05 12:30:58.929 [info] Extension host terminating: renderer closed the MessagePort
2023-10-05 12:30:58.956 [error] Canceled: Canceled
	at new d (/opt/vscodium-bin/resources/app/out/vs/workbench/api/node/extensionHostProcess.js:125:64080)
	at i._remoteCall (/opt/vscodium-bin/resources/app/out/vs/workbench/api/node/extensionHostProcess.js:134:13779)
	at L.<computed>.U.charCodeAt.L.<computed> (/opt/vscodium-bin/resources/app/out/vs/workbench/api/node/extensionHostProcess.js:134:10331)
	at n._doExecuteCommand (/opt/vscodium-bin/resources/app/out/vs/workbench/api/node/extensionHostProcess.js:125:96332)
	at n.executeCommand (/opt/vscodium-bin/resources/app/out/vs/workbench/api/node/extensionHostProcess.js:125:95657)
	at E.registerCommand.description (/opt/vscodium-bin/resources/app/out/vs/workbench/api/node/extensionHostProcess.js:125:94898)
	at n._executeContributedCommand (/opt/vscodium-bin/resources/app/out/vs/workbench/api/node/extensionHostProcess.js:125:96967)
	at n._doExecuteCommand (/opt/vscodium-bin/resources/app/out/vs/workbench/api/node/extensionHostProcess.js:125:95790)
	at n.executeCommand (/opt/vscodium-bin/resources/app/out/vs/workbench/api/node/extensionHostProcess.js:125:95657)
	at Object.executeCommand (/opt/vscodium-bin/resources/app/out/vs/workbench/api/node/extensionHostProcess.js:140:27475)
	at w (/home/kira/.vscode-oss/extensions/eamodio.gitlens-14.3.0-universal/dist/gitlens.js:1:964727)
	at c (/home/kira/.vscode-oss/extensions/eamodio.gitlens-14.3.0-universal/dist/gitlens.js:1:969355)
	at ActionRunners._updateContextKeys (/home/kira/.vscode-oss/extensions/eamodio.gitlens-14.3.0-universal/dist/gitlens.js:1:38282)
	at s (/home/kira/.vscode-oss/extensions/eamodio.gitlens-14.3.0-universal/dist/gitlens.js:1:36701)
	at RegisteredActionRunner.unregister (/home/kira/.vscode-oss/extensions/eamodio.gitlens-14.3.0-universal/dist/gitlens.js:1:36845)
	at RegisteredActionRunner.dispose (/home/kira/.vscode-oss/extensions/eamodio.gitlens-14.3.0-universal/dist/gitlens.js:1:35508)
	at ActionRunners.dispose (/home/kira/.vscode-oss/extensions/eamodio.gitlens-14.3.0-universal/dist/gitlens.js:1:36287)
	at /home/kira/.vscode-oss/extensions/eamodio.gitlens-14.3.0-universal/dist/gitlens.js:1:685943
	at Array.forEach (<anonymous>)
	at Object.dispose (/home/kira/.vscode-oss/extensions/eamodio.gitlens-14.3.0-universal/dist/gitlens.js:1:685928)
	at o (/opt/vscodium-bin/resources/app/out/vs/workbench/api/node/extensionHostProcess.js:30:829)
	at s._deactivate (/opt/vscodium-bin/resources/app/out/vs/workbench/api/node/extensionHostProcess.js:136:12852)
	at /opt/vscodium-bin/resources/app/out/vs/workbench/api/node/extensionHostProcess.js:136:10108
	at Array.map (<anonymous>)
	at s._deactivateAll (/opt/vscodium-bin/resources/app/out/vs/workbench/api/node/extensionHostProcess.js:136:10096)
	at s.terminate (/opt/vscodium-bin/resources/app/out/vs/workbench/api/node/extensionHostProcess.js:136:10476)
	at o.terminate (/opt/vscodium-bin/resources/app/out/vs/workbench/api/node/extensionHostProcess.js:140:1908)
	at u (/opt/vscodium-bin/resources/app/out/vs/workbench/api/node/extensionHostProcess.js:153:11535)
	at MessagePortMain.<anonymous> (/opt/vscodium-bin/resources/app/out/vs/workbench/api/node/extensionHostProcess.js:153:7610)
	at MessagePortMain.emit (node:events:513:28)
	at MessagePortMain._internalPort.emit (node:electron/js2c/utility_init:2:367) setContext undefined
2023-10-05 12:30:58.957 [error] Canceled: Canceled
	at new d (/opt/vscodium-bin/resources/app/out/vs/workbench/api/node/extensionHostProcess.js:125:64080)
	at i._remoteCall (/opt/vscodium-bin/resources/app/out/vs/workbench/api/node/extensionHostProcess.js:134:13779)
	at L.<computed>.U.charCodeAt.L.<computed> (/opt/vscodium-bin/resources/app/out/vs/workbench/api/node/extensionHostProcess.js:134:10331)
	at n._doExecuteCommand (/opt/vscodium-bin/resources/app/out/vs/workbench/api/node/extensionHostProcess.js:125:96332)
	at n.executeCommand (/opt/vscodium-bin/resources/app/out/vs/workbench/api/node/extensionHostProcess.js:125:95657)
	at E.registerCommand.description (/opt/vscodium-bin/resources/app/out/vs/workbench/api/node/extensionHostProcess.js:125:94898)
	at n._executeContributedCommand (/opt/vscodium-bin/resources/app/out/vs/workbench/api/node/extensionHostProcess.js:125:96967)
	at n._doExecuteCommand (/opt/vscodium-bin/resources/app/out/vs/workbench/api/node/extensionHostProcess.js:125:95790)
	at n.executeCommand (/opt/vscodium-bin/resources/app/out/vs/workbench/api/node/extensionHostProcess.js:125:95657)
	at Object.executeCommand (/opt/vscodium-bin/resources/app/out/vs/workbench/api/node/extensionHostProcess.js:140:27475)
	at w (/home/kira/.vscode-oss/extensions/eamodio.gitlens-14.3.0-universal/dist/gitlens.js:1:964727)
	at c (/home/kira/.vscode-oss/extensions/eamodio.gitlens-14.3.0-universal/dist/gitlens.js:1:969355)
	at ActionRunners._updateContextKeys (/home/kira/.vscode-oss/extensions/eamodio.gitlens-14.3.0-universal/dist/gitlens.js:1:38282)
	at s (/home/kira/.vscode-oss/extensions/eamodio.gitlens-14.3.0-universal/dist/gitlens.js:1:36701)
	at RegisteredActionRunner.unregister (/home/kira/.vscode-oss/extensions/eamodio.gitlens-14.3.0-universal/dist/gitlens.js:1:36845)
	at RegisteredActionRunner.dispose (/home/kira/.vscode-oss/extensions/eamodio.gitlens-14.3.0-universal/dist/gitlens.js:1:35508)
	at ActionRunners.dispose (/home/kira/.vscode-oss/extensions/eamodio.gitlens-14.3.0-universal/dist/gitlens.js:1:36287)
	at /home/kira/.vscode-oss/extensions/eamodio.gitlens-14.3.0-universal/dist/gitlens.js:1:685943
	at Array.forEach (<anonymous>)
	at Object.dispose (/home/kira/.vscode-oss/extensions/eamodio.gitlens-14.3.0-universal/dist/gitlens.js:1:685928)
	at o (/opt/vscodium-bin/resources/app/out/vs/workbench/api/node/extensionHostProcess.js:30:829)
	at s._deactivate (/opt/vscodium-bin/resources/app/out/vs/workbench/api/node/extensionHostProcess.js:136:12852)
	at /opt/vscodium-bin/resources/app/out/vs/workbench/api/node/extensionHostProcess.js:136:10108
	at Array.map (<anonymous>)
	at s._deactivateAll (/opt/vscodium-bin/resources/app/out/vs/workbench/api/node/extensionHostProcess.js:136:10096)
	at s.terminate (/opt/vscodium-bin/resources/app/out/vs/workbench/api/node/extensionHostProcess.js:136:10476)
	at o.terminate (/opt/vscodium-bin/resources/app/out/vs/workbench/api/node/extensionHostProcess.js:140:1908)
	at u (/opt/vscodium-bin/resources/app/out/vs/workbench/api/node/extensionHostProcess.js:153:11535)
	at MessagePortMain.<anonymous> (/opt/vscodium-bin/resources/app/out/vs/workbench/api/node/extensionHostProcess.js:153:7610)
	at MessagePortMain.emit (node:events:513:28)
	at MessagePortMain._internalPort.emit (node:electron/js2c/utility_init:2:367) setContext undefined
2023-10-05 12:30:58.957 [error] Canceled: Canceled
	at new d (/opt/vscodium-bin/resources/app/out/vs/workbench/api/node/extensionHostProcess.js:125:64080)
	at i._remoteCall (/opt/vscodium-bin/resources/app/out/vs/workbench/api/node/extensionHostProcess.js:134:13779)
	at L.<computed>.U.charCodeAt.L.<computed> (/opt/vscodium-bin/resources/app/out/vs/workbench/api/node/extensionHostProcess.js:134:10331)
	at n._doExecuteCommand (/opt/vscodium-bin/resources/app/out/vs/workbench/api/node/extensionHostProcess.js:125:96332)
	at n.executeCommand (/opt/vscodium-bin/resources/app/out/vs/workbench/api/node/extensionHostProcess.js:125:95657)
	at E.registerCommand.description (/opt/vscodium-bin/resources/app/out/vs/workbench/api/node/extensionHostProcess.js:125:94898)
	at n._executeContributedCommand (/opt/vscodium-bin/resources/app/out/vs/workbench/api/node/extensionHostProcess.js:125:96967)
	at n._doExecuteCommand (/opt/vscodium-bin/resources/app/out/vs/workbench/api/node/extensionHostProcess.js:125:95790)
	at n.executeCommand (/opt/vscodium-bin/resources/app/out/vs/workbench/api/node/extensionHostProcess.js:125:95657)
	at Object.executeCommand (/opt/vscodium-bin/resources/app/out/vs/workbench/api/node/extensionHostProcess.js:140:27475)
	at w (/home/kira/.vscode-oss/extensions/eamodio.gitlens-14.3.0-universal/dist/gitlens.js:1:964727)
	at c (/home/kira/.vscode-oss/extensions/eamodio.gitlens-14.3.0-universal/dist/gitlens.js:1:969355)
	at ActionRunners._updateContextKeys (/home/kira/.vscode-oss/extensions/eamodio.gitlens-14.3.0-universal/dist/gitlens.js:1:38282)
	at s (/home/kira/.vscode-oss/extensions/eamodio.gitlens-14.3.0-universal/dist/gitlens.js:1:36701)
	at RegisteredActionRunner.unregister (/home/kira/.vscode-oss/extensions/eamodio.gitlens-14.3.0-universal/dist/gitlens.js:1:36845)
	at RegisteredActionRunner.dispose (/home/kira/.vscode-oss/extensions/eamodio.gitlens-14.3.0-universal/dist/gitlens.js:1:35508)
	at ActionRunners.dispose (/home/kira/.vscode-oss/extensions/eamodio.gitlens-14.3.0-universal/dist/gitlens.js:1:36287)
	at /home/kira/.vscode-oss/extensions/eamodio.gitlens-14.3.0-universal/dist/gitlens.js:1:685943
	at Array.forEach (<anonymous>)
	at Object.dispose (/home/kira/.vscode-oss/extensions/eamodio.gitlens-14.3.0-universal/dist/gitlens.js:1:685928)
	at o (/opt/vscodium-bin/resources/app/out/vs/workbench/api/node/extensionHostProcess.js:30:829)
	at s._deactivate (/opt/vscodium-bin/resources/app/out/vs/workbench/api/node/extensionHostProcess.js:136:12852)
	at /opt/vscodium-bin/resources/app/out/vs/workbench/api/node/extensionHostProcess.js:136:10108
	at Array.map (<anonymous>)
	at s._deactivateAll (/opt/vscodium-bin/resources/app/out/vs/workbench/api/node/extensionHostProcess.js:136:10096)
	at s.terminate (/opt/vscodium-bin/resources/app/out/vs/workbench/api/node/extensionHostProcess.js:136:10476)
	at o.terminate (/opt/vscodium-bin/resources/app/out/vs/workbench/api/node/extensionHostProcess.js:140:1908)
	at u (/opt/vscodium-bin/resources/app/out/vs/workbench/api/node/extensionHostProcess.js:153:11535)
	at MessagePortMain.<anonymous> (/opt/vscodium-bin/resources/app/out/vs/workbench/api/node/extensionHostProcess.js:153:7610)
	at MessagePortMain.emit (node:events:513:28)
	at MessagePortMain._internalPort.emit (node:electron/js2c/utility_init:2:367) setContext undefined
2023-10-05 12:30:58.957 [error] Canceled: Canceled
	at new d (/opt/vscodium-bin/resources/app/out/vs/workbench/api/node/extensionHostProcess.js:125:64080)
	at i._remoteCall (/opt/vscodium-bin/resources/app/out/vs/workbench/api/node/extensionHostProcess.js:134:13779)
	at L.<computed>.U.charCodeAt.L.<computed> (/opt/vscodium-bin/resources/app/out/vs/workbench/api/node/extensionHostProcess.js:134:10331)
	at n._doExecuteCommand (/opt/vscodium-bin/resources/app/out/vs/workbench/api/node/extensionHostProcess.js:125:96332)
	at n.executeCommand (/opt/vscodium-bin/resources/app/out/vs/workbench/api/node/extensionHostProcess.js:125:95657)
	at E.registerCommand.description (/opt/vscodium-bin/resources/app/out/vs/workbench/api/node/extensionHostProcess.js:125:94898)
	at n._executeContributedCommand (/opt/vscodium-bin/resources/app/out/vs/workbench/api/node/extensionHostProcess.js:125:96967)
	at n._doExecuteCommand (/opt/vscodium-bin/resources/app/out/vs/workbench/api/node/extensionHostProcess.js:125:95790)
	at n.executeCommand (/opt/vscodium-bin/resources/app/out/vs/workbench/api/node/extensionHostProcess.js:125:95657)
	at Object.executeCommand (/opt/vscodium-bin/resources/app/out/vs/workbench/api/node/extensionHostProcess.js:140:27475)
	at w (/home/kira/.vscode-oss/extensions/eamodio.gitlens-14.3.0-universal/dist/gitlens.js:1:964727)
	at c (/home/kira/.vscode-oss/extensions/eamodio.gitlens-14.3.0-universal/dist/gitlens.js:1:969355)
	at ActionRunners._updateContextKeys (/home/kira/.vscode-oss/extensions/eamodio.gitlens-14.3.0-universal/dist/gitlens.js:1:38282)
	at s (/home/kira/.vscode-oss/extensions/eamodio.gitlens-14.3.0-universal/dist/gitlens.js:1:36701)
	at RegisteredActionRunner.unregister (/home/kira/.vscode-oss/extensions/eamodio.gitlens-14.3.0-universal/dist/gitlens.js:1:36845)
	at RegisteredActionRunner.dispose (/home/kira/.vscode-oss/extensions/eamodio.gitlens-14.3.0-universal/dist/gitlens.js:1:35508)
	at Object.dispose (/home/kira/.vscode-oss/extensions/eamodio.gitlens-14.3.0-universal/dist/gitlens.js:1:36942)
	at o (/opt/vscodium-bin/resources/app/out/vs/workbench/api/node/extensionHostProcess.js:30:829)
	at s._deactivate (/opt/vscodium-bin/resources/app/out/vs/workbench/api/node/extensionHostProcess.js:136:12852)
	at /opt/vscodium-bin/resources/app/out/vs/workbench/api/node/extensionHostProcess.js:136:10108
	at Array.map (<anonymous>)
	at s._deactivateAll (/opt/vscodium-bin/resources/app/out/vs/workbench/api/node/extensionHostProcess.js:136:10096)
	at s.terminate (/opt/vscodium-bin/resources/app/out/vs/workbench/api/node/extensionHostProcess.js:136:10476)
	at o.terminate (/opt/vscodium-bin/resources/app/out/vs/workbench/api/node/extensionHostProcess.js:140:1908)
	at u (/opt/vscodium-bin/resources/app/out/vs/workbench/api/node/extensionHostProcess.js:153:11535)
	at MessagePortMain.<anonymous> (/opt/vscodium-bin/resources/app/out/vs/workbench/api/node/extensionHostProcess.js:153:7610)
	at MessagePortMain.emit (node:events:513:28)
	at MessagePortMain._internalPort.emit (node:electron/js2c/utility_init:2:367) setContext undefined
2023-10-05 12:30:58.958 [error] Canceled: Canceled
	at new d (/opt/vscodium-bin/resources/app/out/vs/workbench/api/node/extensionHostProcess.js:125:64080)
	at i._remoteCall (/opt/vscodium-bin/resources/app/out/vs/workbench/api/node/extensionHostProcess.js:134:13779)
	at L.<computed>.U.charCodeAt.L.<computed> (/opt/vscodium-bin/resources/app/out/vs/workbench/api/node/extensionHostProcess.js:134:10331)
	at n._doExecuteCommand (/opt/vscodium-bin/resources/app/out/vs/workbench/api/node/extensionHostProcess.js:125:96332)
	at n.executeCommand (/opt/vscodium-bin/resources/app/out/vs/workbench/api/node/extensionHostProcess.js:125:95657)
	at E.registerCommand.description (/opt/vscodium-bin/resources/app/out/vs/workbench/api/node/extensionHostProcess.js:125:94898)
	at n._executeContributedCommand (/opt/vscodium-bin/resources/app/out/vs/workbench/api/node/extensionHostProcess.js:125:96967)
	at n._doExecuteCommand (/opt/vscodium-bin/resources/app/out/vs/workbench/api/node/extensionHostProcess.js:125:95790)
	at n.executeCommand (/opt/vscodium-bin/resources/app/out/vs/workbench/api/node/extensionHostProcess.js:125:95657)
	at Object.executeCommand (/opt/vscodium-bin/resources/app/out/vs/workbench/api/node/extensionHostProcess.js:140:27475)
	at w (/home/kira/.vscode-oss/extensions/eamodio.gitlens-14.3.0-universal/dist/gitlens.js:1:964727)
	at c (/home/kira/.vscode-oss/extensions/eamodio.gitlens-14.3.0-universal/dist/gitlens.js:1:969355)
	at ActionRunners._updateContextKeys (/home/kira/.vscode-oss/extensions/eamodio.gitlens-14.3.0-universal/dist/gitlens.js:1:38282)
	at s (/home/kira/.vscode-oss/extensions/eamodio.gitlens-14.3.0-universal/dist/gitlens.js:1:36701)
	at RegisteredActionRunner.unregister (/home/kira/.vscode-oss/extensions/eamodio.gitlens-14.3.0-universal/dist/gitlens.js:1:36845)
	at RegisteredActionRunner.dispose (/home/kira/.vscode-oss/extensions/eamodio.gitlens-14.3.0-universal/dist/gitlens.js:1:35508)
	at Object.dispose (/home/kira/.vscode-oss/extensions/eamodio.gitlens-14.3.0-universal/dist/gitlens.js:1:36942)
	at o (/opt/vscodium-bin/resources/app/out/vs/workbench/api/node/extensionHostProcess.js:30:829)
	at s._deactivate (/opt/vscodium-bin/resources/app/out/vs/workbench/api/node/extensionHostProcess.js:136:12852)
	at /opt/vscodium-bin/resources/app/out/vs/workbench/api/node/extensionHostProcess.js:136:10108
	at Array.map (<anonymous>)
	at s._deactivateAll (/opt/vscodium-bin/resources/app/out/vs/workbench/api/node/extensionHostProcess.js:136:10096)
	at s.terminate (/opt/vscodium-bin/resources/app/out/vs/workbench/api/node/extensionHostProcess.js:136:10476)
	at o.terminate (/opt/vscodium-bin/resources/app/out/vs/workbench/api/node/extensionHostProcess.js:140:1908)
	at u (/opt/vscodium-bin/resources/app/out/vs/workbench/api/node/extensionHostProcess.js:153:11535)
	at MessagePortMain.<anonymous> (/opt/vscodium-bin/resources/app/out/vs/workbench/api/node/extensionHostProcess.js:153:7610)
	at MessagePortMain.emit (node:events:513:28)
	at MessagePortMain._internalPort.emit (node:electron/js2c/utility_init:2:367) setContext undefined
2023-10-05 12:30:58.958 [error] Canceled: Canceled
	at new d (/opt/vscodium-bin/resources/app/out/vs/workbench/api/node/extensionHostProcess.js:125:64080)
	at i._remoteCall (/opt/vscodium-bin/resources/app/out/vs/workbench/api/node/extensionHostProcess.js:134:13779)
	at L.<computed>.U.charCodeAt.L.<computed> (/opt/vscodium-bin/resources/app/out/vs/workbench/api/node/extensionHostProcess.js:134:10331)
	at n._doExecuteCommand (/opt/vscodium-bin/resources/app/out/vs/workbench/api/node/extensionHostProcess.js:125:96332)
	at n.executeCommand (/opt/vscodium-bin/resources/app/out/vs/workbench/api/node/extensionHostProcess.js:125:95657)
	at E.registerCommand.description (/opt/vscodium-bin/resources/app/out/vs/workbench/api/node/extensionHostProcess.js:125:94898)
	at n._executeContributedCommand (/opt/vscodium-bin/resources/app/out/vs/workbench/api/node/extensionHostProcess.js:125:96967)
	at n._doExecuteCommand (/opt/vscodium-bin/resources/app/out/vs/workbench/api/node/extensionHostProcess.js:125:95790)
	at n.executeCommand (/opt/vscodium-bin/resources/app/out/vs/workbench/api/node/extensionHostProcess.js:125:95657)
	at Object.executeCommand (/opt/vscodium-bin/resources/app/out/vs/workbench/api/node/extensionHostProcess.js:140:27475)
	at w (/home/kira/.vscode-oss/extensions/eamodio.gitlens-14.3.0-universal/dist/gitlens.js:1:964727)
	at c (/home/kira/.vscode-oss/extensions/eamodio.gitlens-14.3.0-universal/dist/gitlens.js:1:969355)
	at ActionRunners._updateContextKeys (/home/kira/.vscode-oss/extensions/eamodio.gitlens-14.3.0-universal/dist/gitlens.js:1:38282)
	at s (/home/kira/.vscode-oss/extensions/eamodio.gitlens-14.3.0-universal/dist/gitlens.js:1:36701)
	at RegisteredActionRunner.unregister (/home/kira/.vscode-oss/extensions/eamodio.gitlens-14.3.0-universal/dist/gitlens.js:1:36845)
	at RegisteredActionRunner.dispose (/home/kira/.vscode-oss/extensions/eamodio.gitlens-14.3.0-universal/dist/gitlens.js:1:35508)
	at Object.dispose (/home/kira/.vscode-oss/extensions/eamodio.gitlens-14.3.0-universal/dist/gitlens.js:1:36942)
	at o (/opt/vscodium-bin/resources/app/out/vs/workbench/api/node/extensionHostProcess.js:30:829)
	at s._deactivate (/opt/vscodium-bin/resources/app/out/vs/workbench/api/node/extensionHostProcess.js:136:12852)
	at /opt/vscodium-bin/resources/app/out/vs/workbench/api/node/extensionHostProcess.js:136:10108
	at Array.map (<anonymous>)
	at s._deactivateAll (/opt/vscodium-bin/resources/app/out/vs/workbench/api/node/extensionHostProcess.js:136:10096)
	at s.terminate (/opt/vscodium-bin/resources/app/out/vs/workbench/api/node/extensionHostProcess.js:136:10476)
	at o.terminate (/opt/vscodium-bin/resources/app/out/vs/workbench/api/node/extensionHostProcess.js:140:1908)
	at u (/opt/vscodium-bin/resources/app/out/vs/workbench/api/node/extensionHostProcess.js:153:11535)
	at MessagePortMain.<anonymous> (/opt/vscodium-bin/resources/app/out/vs/workbench/api/node/extensionHostProcess.js:153:7610)
	at MessagePortMain.emit (node:events:513:28)
	at MessagePortMain._internalPort.emit (node:electron/js2c/utility_init:2:367) setContext undefined
2023-10-05 12:30:58.962 [info] Extension host with pid 4271 exiting with code 0
