2023-10-05 12:30:10.763 [info] Added views:workbench.panel.markers.view in workbench.panel.markers
2023-10-05 12:30:10.763 [info] Added views:workbench.panel.output in workbench.panel.output
2023-10-05 12:30:10.763 [info] Added views:terminal in terminal
2023-10-05 12:30:10.763 [info] Added views:outline in workbench.view.explorer
2023-10-05 12:30:10.763 [info] Added views:workbench.scm in workbench.view.scm
2023-10-05 12:30:10.763 [info] Added views:workbench.view.search in workbench.view.search
2023-10-05 12:30:10.763 [info] Added views:timeline in workbench.view.explorer
2023-10-05 12:30:10.763 [info] Added views:workbench.explorer.emptyView in workbench.view.explorer
2023-10-05 12:30:10.940 [info] Added views:workbench.debug.variablesView,workbench.debug.watchExpressionsView,workbench.debug.callStackView,workbench.debug.breakPointsView in workbench.view.debug
2023-10-05 12:30:11.064 [info] Added views:gitlens.views.home,gitlens.views.workspaces,gitlens.views.account in workbench.view.extension.gitlens
2023-10-05 12:30:11.065 [info] Added views:gitlens.views.commitDetails,gitlens.views.lineHistory,gitlens.views.fileHistory,gitlens.views.searchAndCompare in workbench.view.extension.gitlensInspect
2023-10-05 12:30:11.065 [info] Added views:gitlens.views.commits,gitlens.views.branches,gitlens.views.remotes,gitlens.views.stashes,gitlens.views.tags,gitlens.views.contributors in workbench.view.scm
2023-10-05 12:30:11.066 [info] Added views:dockerContainers,dockerImages,dockerRegistries,dockerNetworks,dockerVolumes,vscode-docker.views.dockerContexts,vscode-docker.views.help in workbench.view.extension.dockerView
2023-10-05 12:30:11.282 [info] Added views:workbench.panel.repl.view in workbench.panel.repl
2023-10-05 12:30:11.284 [info] Removed views:workbench.debug.breakPointsView,workbench.debug.callStackView,workbench.debug.watchExpressionsView,workbench.debug.variablesView from workbench.view.debug
2023-10-05 12:30:11.285 [info] Added views:workbench.debug.welcome in workbench.view.debug
2023-10-05 12:30:11.633 [info] Added views:~remote.forwardedPorts in ~remote.forwardedPortsContainer
2023-10-05 12:30:11.700 [info] Removed views:gitlens.views.workspaces from workbench.view.extension.gitlens
2023-10-05 12:30:11.706 [info] Removed views:gitlens.views.searchAndCompare,gitlens.views.fileHistory,gitlens.views.lineHistory,gitlens.views.commitDetails from workbench.view.extension.gitlensInspect
2023-10-05 12:30:11.709 [info] Removed views:gitlens.views.contributors,gitlens.views.tags,gitlens.views.stashes,gitlens.views.remotes,gitlens.views.branches,gitlens.views.commits from workbench.view.scm
2023-10-05 12:30:26.727 [info] Added views:gitlens.views.workspaces in workbench.view.extension.gitlens
2023-10-05 12:30:26.809 [info] Added views:github.cweijan.mysql in workbench.view.extension.github-cweijan-mysql
2023-10-05 12:30:26.810 [info] Added views:github.cweijan.nosql in workbench.view.extension.github-cweijan-nosql
2023-10-05 12:30:37.911 [info] Added views:workbench.views.extensions.installed,workbench.views.extensions.popular,extensions.recommendedList in workbench.view.extensions
2023-10-05 12:30:37.912 [info] Removed views:workbench.views.extensions.popular from workbench.view.extensions
2023-10-05 12:30:41.599 [info] Removed views:extensions.recommendedList,workbench.views.extensions.installed from workbench.view.extensions
2023-10-05 12:30:41.610 [info] Added views:workbench.views.extensions.marketplace in workbench.view.extensions
